This is pdfTeX, Version 3.14159265-2.6-1.40.20 (MiKTeX 2.9.7000 64-bit) (preloaded format=pdflatex 2019.4.10)  25 MAY 2019 13:25
entering extended mode
**./SSS_Laborbericht.tex
(SSS_Laborbericht.tex
LaTeX2e <2018-12-01>

("C:\Users\Tobias.Schoch\AppData\Local\Programs\MiKTeX 2.9\tex/latex/base\repor
t.cls"
Document Class: report 2018/09/03 v1.4i Standard LaTeX document class

("C:\Users\Tobias.Schoch\AppData\Local\Programs\MiKTeX 2.9\tex/latex/base\size1
2.clo"
File: size12.clo 2018/09/03 v1.4i Standard LaTeX file (size option)
)
\c@part=\count80
\c@chapter=\count81
\c@section=\count82
\c@subsection=\count83
\c@subsubsection=\count84
\c@paragraph=\count85
\c@subparagraph=\count86
\c@figure=\count87
\c@table=\count88
\abovecaptionskip=\skip41
\belowcaptionskip=\skip42
\bibindent=\dimen102
)
("C:\Users\Tobias.Schoch\AppData\Local\Programs\MiKTeX 2.9\tex/latex/geometry\g
eometry.sty"
Package: geometry 2018/04/16 v5.8 Page Geometry

("C:\Users\Tobias.Schoch\AppData\Local\Programs\MiKTeX 2.9\tex/latex/graphics\k
eyval.sty"
Package: keyval 2014/10/28 v1.15 key=value parser (DPC)
\KV@toks@=\toks14
)
("C:\Users\Tobias.Schoch\AppData\Local\Programs\MiKTeX 2.9\tex/generic/oberdiek
\ifpdf.sty"
Package: ifpdf 2018/09/07 v3.3 Provides the ifpdf switch
)
("C:\Users\Tobias.Schoch\AppData\Local\Programs\MiKTeX 2.9\tex/generic/oberdiek
\ifvtex.sty"
Package: ifvtex 2016/05/16 v1.6 Detect VTeX and its facilities (HO)
Package ifvtex Info: VTeX not detected.
)
("C:\Users\Tobias.Schoch\AppData\Local\Programs\MiKTeX 2.9\tex/generic/ifxetex\
ifxetex.sty"
Package: ifxetex 2010/09/12 v0.6 Provides ifxetex conditional
)
\Gm@cnth=\count89
\Gm@cntv=\count90
\c@Gm@tempcnt=\count91
\Gm@bindingoffset=\dimen103
\Gm@wd@mp=\dimen104
\Gm@odd@mp=\dimen105
\Gm@even@mp=\dimen106
\Gm@layoutwidth=\dimen107
\Gm@layoutheight=\dimen108
\Gm@layouthoffset=\dimen109
\Gm@layoutvoffset=\dimen110
\Gm@dimlist=\toks15

("C:\Users\Tobias.Schoch\AppData\Local\Programs\MiKTeX 2.9\tex/latex/geometry\g
eometry.cfg"))
("C:\Users\Tobias.Schoch\AppData\Local\Programs\MiKTeX 2.9\tex/latex/setspace\s
etspace.sty"
Package: setspace 2011/12/19 v6.7a set line spacing
)
("C:\Users\Tobias.Schoch\AppData\Local\Programs\MiKTeX 2.9\tex/latex/base\fonte
nc.sty"
Package: fontenc 2018/08/11 v2.0j Standard LaTeX package

("C:\Users\Tobias.Schoch\AppData\Local\Programs\MiKTeX 2.9\tex/latex/base\t1enc
.def"
File: t1enc.def 2018/08/11 v2.0j Standard LaTeX file
LaTeX Font Info:    Redeclaring font encoding T1 on input line 48.
))
("C:\Users\Tobias.Schoch\AppData\Local\Programs\MiKTeX 2.9\tex/latex/base\input
enc.sty"
Package: inputenc 2018/08/11 v1.3c Input encoding file
\inpenc@prehook=\toks16
\inpenc@posthook=\toks17
)
("C:\Users\Tobias.Schoch\AppData\Local\Programs\MiKTeX 2.9\tex/latex/psnfss\mat
hptmx.sty"
Package: mathptmx 2005/04/12 PSNFSS-v9.2a Times w/ Math, improved (SPQR, WaS) 
LaTeX Font Info:    Redeclaring symbol font `operators' on input line 28.
LaTeX Font Info:    Overwriting symbol font `operators' in version `normal'
(Font)                  OT1/cmr/m/n --> OT1/ztmcm/m/n on input line 28.
LaTeX Font Info:    Overwriting symbol font `operators' in version `bold'
(Font)                  OT1/cmr/bx/n --> OT1/ztmcm/m/n on input line 28.
LaTeX Font Info:    Redeclaring symbol font `letters' on input line 29.
LaTeX Font Info:    Overwriting symbol font `letters' in version `normal'
(Font)                  OML/cmm/m/it --> OML/ztmcm/m/it on input line 29.
LaTeX Font Info:    Overwriting symbol font `letters' in version `bold'
(Font)                  OML/cmm/b/it --> OML/ztmcm/m/it on input line 29.
LaTeX Font Info:    Redeclaring symbol font `symbols' on input line 30.
LaTeX Font Info:    Overwriting symbol font `symbols' in version `normal'
(Font)                  OMS/cmsy/m/n --> OMS/ztmcm/m/n on input line 30.
LaTeX Font Info:    Overwriting symbol font `symbols' in version `bold'
(Font)                  OMS/cmsy/b/n --> OMS/ztmcm/m/n on input line 30.
LaTeX Font Info:    Redeclaring symbol font `largesymbols' on input line 31.
LaTeX Font Info:    Overwriting symbol font `largesymbols' in version `normal'
(Font)                  OMX/cmex/m/n --> OMX/ztmcm/m/n on input line 31.
LaTeX Font Info:    Overwriting symbol font `largesymbols' in version `bold'
(Font)                  OMX/cmex/m/n --> OMX/ztmcm/m/n on input line 31.
\symbold=\mathgroup4
\symitalic=\mathgroup5
LaTeX Font Info:    Redeclaring math alphabet \mathbf on input line 34.
LaTeX Font Info:    Overwriting math alphabet `\mathbf' in version `normal'
(Font)                  OT1/cmr/bx/n --> OT1/ptm/bx/n on input line 34.
LaTeX Font Info:    Overwriting math alphabet `\mathbf' in version `bold'
(Font)                  OT1/cmr/bx/n --> OT1/ptm/bx/n on input line 34.
LaTeX Font Info:    Redeclaring math alphabet \mathit on input line 35.
LaTeX Font Info:    Overwriting math alphabet `\mathit' in version `normal'
(Font)                  OT1/cmr/m/it --> OT1/ptm/m/it on input line 35.
LaTeX Font Info:    Overwriting math alphabet `\mathit' in version `bold'
(Font)                  OT1/cmr/bx/it --> OT1/ptm/m/it on input line 35.
LaTeX Info: Redefining \hbar on input line 50.
)
("C:\Users\Tobias.Schoch\AppData\Local\Programs\MiKTeX 2.9\tex/latex/psnfss\tim
es.sty"
Package: times 2005/04/12 PSNFSS-v9.2a (SPQR) 
)
("C:\Users\Tobias.Schoch\AppData\Local\Programs\MiKTeX 2.9\tex/latex/hyperref\h
yperref.sty"
Package: hyperref 2018/11/30 v6.88e Hypertext links for LaTeX

("C:\Users\Tobias.Schoch\AppData\Local\Programs\MiKTeX 2.9\tex/generic/oberdiek
\hobsub-hyperref.sty"
Package: hobsub-hyperref 2016/05/16 v1.14 Bundle oberdiek, subset hyperref (HO)


("C:\Users\Tobias.Schoch\AppData\Local\Programs\MiKTeX 2.9\tex/generic/oberdiek
\hobsub-generic.sty"
Package: hobsub-generic 2016/05/16 v1.14 Bundle oberdiek, subset generic (HO)
Package: hobsub 2016/05/16 v1.14 Construct package bundles (HO)
Package: infwarerr 2016/05/16 v1.4 Providing info/warning/error messages (HO)
Package: ltxcmds 2016/05/16 v1.23 LaTeX kernel commands for general use (HO)
Package: ifluatex 2016/05/16 v1.4 Provides the ifluatex switch (HO)
Package ifluatex Info: LuaTeX not detected.
Package hobsub Info: Skipping package `ifvtex' (already loaded).
Package: intcalc 2016/05/16 v1.2 Expandable calculations with integers (HO)
Package hobsub Info: Skipping package `ifpdf' (already loaded).
Package: etexcmds 2016/05/16 v1.6 Avoid name clashes with e-TeX commands (HO)
Package: kvsetkeys 2016/05/16 v1.17 Key value parser (HO)
Package: kvdefinekeys 2016/05/16 v1.4 Define keys (HO)
Package: pdftexcmds 2018/09/10 v0.29 Utility functions of pdfTeX for LuaTeX (HO
)
Package pdftexcmds Info: LuaTeX not detected.
Package pdftexcmds Info: \pdf@primitive is available.
Package pdftexcmds Info: \pdf@ifprimitive is available.
Package pdftexcmds Info: \pdfdraftmode found.
Package: pdfescape 2016/05/16 v1.14 Implements pdfTeX's escape features (HO)
Package: bigintcalc 2016/05/16 v1.4 Expandable calculations on big integers (HO
)
Package: bitset 2016/05/16 v1.2 Handle bit-vector datatype (HO)
Package: uniquecounter 2016/05/16 v1.3 Provide unlimited unique counter (HO)
)
Package hobsub Info: Skipping package `hobsub' (already loaded).
Package: letltxmacro 2016/05/16 v1.5 Let assignment for LaTeX macros (HO)
Package: hopatch 2016/05/16 v1.3 Wrapper for package hooks (HO)
Package: xcolor-patch 2016/05/16 xcolor patch
Package: atveryend 2016/05/16 v1.9 Hooks at the very end of document (HO)
Package atveryend Info: \enddocument detected (standard20110627).
Package: atbegshi 2016/06/09 v1.18 At begin shipout hook (HO)
Package: refcount 2016/05/16 v3.5 Data extraction from label references (HO)
Package: hycolor 2016/05/16 v1.8 Color options for hyperref/bookmark (HO)
)
("C:\Users\Tobias.Schoch\AppData\Local\Programs\MiKTeX 2.9\tex/latex/oberdiek\a
uxhook.sty"
Package: auxhook 2016/05/16 v1.4 Hooks for auxiliary files (HO)
)
("C:\Users\Tobias.Schoch\AppData\Local\Programs\MiKTeX 2.9\tex/latex/oberdiek\k
voptions.sty"
Package: kvoptions 2016/05/16 v3.12 Key value format for package options (HO)
)
\@linkdim=\dimen111
\Hy@linkcounter=\count92
\Hy@pagecounter=\count93

("C:\Users\Tobias.Schoch\AppData\Local\Programs\MiKTeX 2.9\tex/latex/hyperref\p
d1enc.def"
File: pd1enc.def 2018/11/30 v6.88e Hyperref: PDFDocEncoding definition (HO)
Now handling font encoding PD1 ...
... no UTF-8 mapping file for font encoding PD1
)
\Hy@SavedSpaceFactor=\count94

("C:\Users\Tobias.Schoch\AppData\Local\Programs\MiKTeX 2.9\tex/latex/00miktex\h
yperref.cfg"
File: hyperref.cfg 2002/06/06 v1.2 hyperref configuration of TeXLive
)
Package hyperref Info: Hyper figures OFF on input line 4519.
Package hyperref Info: Link nesting OFF on input line 4524.
Package hyperref Info: Hyper index ON on input line 4527.
Package hyperref Info: Plain pages OFF on input line 4534.
Package hyperref Info: Backreferencing OFF on input line 4539.
Package hyperref Info: Implicit mode ON; LaTeX internals redefined.
Package hyperref Info: Bookmarks ON on input line 4772.
\c@Hy@tempcnt=\count95

("C:\Users\Tobias.Schoch\AppData\Local\Programs\MiKTeX 2.9\tex/latex/url\url.st
y"
\Urlmuskip=\muskip10
Package: url 2013/09/16  ver 3.4  Verb mode for urls, etc.
)
LaTeX Info: Redefining \url on input line 5125.
\XeTeXLinkMargin=\dimen112
\Fld@menulength=\count96
\Field@Width=\dimen113
\Fld@charsize=\dimen114
Package hyperref Info: Hyper figures OFF on input line 6380.
Package hyperref Info: Link nesting OFF on input line 6385.
Package hyperref Info: Hyper index ON on input line 6388.
Package hyperref Info: backreferencing OFF on input line 6395.
Package hyperref Info: Link coloring OFF on input line 6400.
Package hyperref Info: Link coloring with OCG OFF on input line 6405.
Package hyperref Info: PDF/A mode OFF on input line 6410.
LaTeX Info: Redefining \ref on input line 6450.
LaTeX Info: Redefining \pageref on input line 6454.
\Hy@abspage=\count97
\c@Item=\count98
\c@Hfootnote=\count99
)
Package hyperref Info: Driver (autodetected): hpdftex.

("C:\Users\Tobias.Schoch\AppData\Local\Programs\MiKTeX 2.9\tex/latex/hyperref\h
pdftex.def"
File: hpdftex.def 2018/11/30 v6.88e Hyperref driver for pdfTeX
\Fld@listcount=\count100
\c@bookmark@seq@number=\count101

("C:\Users\Tobias.Schoch\AppData\Local\Programs\MiKTeX 2.9\tex/latex/oberdiek\r
erunfilecheck.sty"
Package: rerunfilecheck 2016/05/16 v1.8 Rerun checks for auxiliary files (HO)
Package uniquecounter Info: New unique counter `rerunfilecheck' on input line 2
82.
)
\Hy@SectionHShift=\skip43
)
("C:\Users\Tobias.Schoch\AppData\Local\Programs\MiKTeX 2.9\tex/generic/babel\ba
bel.sty"
Package: babel 2019/04/01 3.28 The Babel package

("C:\Users\Tobias.Schoch\AppData\Local\Programs\MiKTeX 2.9\tex/generic/babel\sw
itch.def"
File: switch.def 2019/04/01 3.28 Babel switching mechanism
)
*************************************
* Local config file bblopts.cfg used
*

("C:\Users\Tobias.Schoch\AppData\Local\Programs\MiKTeX 2.9\tex/latex/arabi\bblo
pts.cfg"
File: bblopts.cfg 2005/09/08 v0.1 add Arabic and Farsi to "declared" options of
 babel
)
("C:\Users\Tobias.Schoch\AppData\Local\Programs\MiKTeX 2.9\tex/latex/babel-germ
an\ngerman.ldf"
Language: ngerman 2018/12/08 v2.11 German support for babel (post-1996 orthogra
phy)

("C:\Users\Tobias.Schoch\AppData\Local\Programs\MiKTeX 2.9\tex/latex/babel-germ
an\ngermanb.ldf"
Language: ngermanb 2018/12/08 v2.11 German support for babel (post-1996 orthogr
aphy)

("C:\Users\Tobias.Schoch\AppData\Local\Programs\MiKTeX 2.9\tex/generic/babel\ba
bel.def"
File: babel.def 2019/04/01 3.28 Babel common definitions
\babel@savecnt=\count102
\U@D=\dimen115

("C:\Users\Tobias.Schoch\AppData\Local\Programs\MiKTeX 2.9\tex/generic/babel\tx
tbabel.def")
\bbl@dirlevel=\count103
)
Package babel Info: Making " an active character on input line 121.
)))
("C:\Users\Tobias.Schoch\AppData\Local\Programs\MiKTeX 2.9\tex/latex/natbib\nat
bib.sty"
Package: natbib 2010/09/13 8.31b (PWD, AO)
\bibhang=\skip44
\bibsep=\skip45
LaTeX Info: Redefining \cite on input line 694.
\c@NAT@ctr=\count104
)
("C:\Users\Tobias.Schoch\AppData\Local\Programs\MiKTeX 2.9\tex/latex/babelbib\b
abelbib.sty"
Package: babelbib 2019/03/11 v1.32 babelbib: multilingual bibliographies (HH)
\c@btxromaniannumeral=\count105
)
("C:\Users\Tobias.Schoch\AppData\Local\Programs\MiKTeX 2.9\tex/latex/enumitem\e
numitem.sty"
Package: enumitem 2019/02/04 v3.8 Customized lists
\labelindent=\skip46
\enit@outerparindent=\dimen116
\enit@toks=\toks18
\enit@inbox=\box27
\enit@count@id=\count106
\enitdp@description=\count107
)
("C:\Users\Tobias.Schoch\AppData\Local\Programs\MiKTeX 2.9\tex/latex/tools\tabu
larx.sty"
Package: tabularx 2016/02/03 v2.11b `tabularx' package (DPC)

("C:\Users\Tobias.Schoch\AppData\Local\Programs\MiKTeX 2.9\tex/latex/tools\arra
y.sty"
Package: array 2018/12/30 v2.4k Tabular extension package (FMi)
\col@sep=\dimen117
\ar@mcellbox=\box28
\extrarowheight=\dimen118
\NC@list=\toks19
\extratabsurround=\skip47
\backup@length=\skip48
\ar@cellbox=\box29
)
\TX@col@width=\dimen119
\TX@old@table=\dimen120
\TX@old@col=\dimen121
\TX@target=\dimen122
\TX@delta=\dimen123
\TX@cols=\count108
\TX@ftn=\toks20
)
("C:\Users\Tobias.Schoch\AppData\Local\Programs\MiKTeX 2.9\tex/latex/amsmath\am
smath.sty"
Package: amsmath 2018/12/01 v2.17b AMS math features
\@mathmargin=\skip49

For additional information on amsmath, use the `?' option.

("C:\Users\Tobias.Schoch\AppData\Local\Programs\MiKTeX 2.9\tex/latex/amsmath\am
stext.sty"
Package: amstext 2000/06/29 v2.01 AMS text

("C:\Users\Tobias.Schoch\AppData\Local\Programs\MiKTeX 2.9\tex/latex/amsmath\am
sgen.sty"
File: amsgen.sty 1999/11/30 v2.0 generic functions
\@emptytoks=\toks21
\ex@=\dimen124
))
("C:\Users\Tobias.Schoch\AppData\Local\Programs\MiKTeX 2.9\tex/latex/amsmath\am
sbsy.sty"
Package: amsbsy 1999/11/29 v1.2d Bold Symbols
\pmbraise@=\dimen125
)
("C:\Users\Tobias.Schoch\AppData\Local\Programs\MiKTeX 2.9\tex/latex/amsmath\am
sopn.sty"
Package: amsopn 2016/03/08 v2.02 operator names
)
\inf@bad=\count109
LaTeX Info: Redefining \frac on input line 223.
\uproot@=\count110
\leftroot@=\count111
LaTeX Info: Redefining \overline on input line 385.
\classnum@=\count112
\DOTSCASE@=\count113
LaTeX Info: Redefining \ldots on input line 482.
LaTeX Info: Redefining \dots on input line 485.
LaTeX Info: Redefining \cdots on input line 606.
\Mathstrutbox@=\box30
\strutbox@=\box31
\big@size=\dimen126
LaTeX Font Info:    Redeclaring font encoding OML on input line 729.
LaTeX Font Info:    Redeclaring font encoding OMS on input line 730.
\macc@depth=\count114
\c@MaxMatrixCols=\count115
\dotsspace@=\muskip11
\c@parentequation=\count116
\dspbrk@lvl=\count117
\tag@help=\toks22
\row@=\count118
\column@=\count119
\maxfields@=\count120
\andhelp@=\toks23
\eqnshift@=\dimen127
\alignsep@=\dimen128
\tagshift@=\dimen129
\tagwidth@=\dimen130
\totwidth@=\dimen131
\lineht@=\dimen132
\@envbody=\toks24
\multlinegap=\skip50
\multlinetaggap=\skip51
\mathdisplay@stack=\toks25
LaTeX Info: Redefining \[ on input line 2844.
LaTeX Info: Redefining \] on input line 2845.
)
("C:\Users\Tobias.Schoch\AppData\Local\Programs\MiKTeX 2.9\tex/latex/units\nice
frac.sty"
Package: nicefrac 1998/08/04 v0.9b Nice fractions
\L@UnitsRaiseDisplaystyle=\skip52
\L@UnitsRaiseTextstyle=\skip53
\L@UnitsRaiseScriptstyle=\skip54

("C:\Users\Tobias.Schoch\AppData\Local\Programs\MiKTeX 2.9\tex/latex/base\ifthe
n.sty"
Package: ifthen 2014/09/29 v1.1c Standard LaTeX ifthen package (DPC)
))
("C:\Users\Tobias.Schoch\AppData\Local\Programs\MiKTeX 2.9\tex/latex/amscls\ams
thm.sty"
Package: amsthm 2017/10/31 v2.20.4
\thm@style=\toks26
\thm@bodyfont=\toks27
\thm@headfont=\toks28
\thm@notefont=\toks29
\thm@headpunct=\toks30
\thm@preskip=\skip55
\thm@postskip=\skip56
\thm@headsep=\skip57
\dth@everypar=\toks31
)
("C:\Users\Tobias.Schoch\AppData\Local\Programs\MiKTeX 2.9\tex/latex/amsfonts\a
mssymb.sty"
Package: amssymb 2013/01/14 v3.01 AMS font symbols

("C:\Users\Tobias.Schoch\AppData\Local\Programs\MiKTeX 2.9\tex/latex/amsfonts\a
msfonts.sty"
Package: amsfonts 2013/01/14 v3.01 Basic AMSFonts support
\symAMSa=\mathgroup6
\symAMSb=\mathgroup7
LaTeX Font Info:    Overwriting math alphabet `\mathfrak' in version `bold'
(Font)                  U/euf/m/n --> U/euf/b/n on input line 106.
))
("C:\Users\Tobias.Schoch\AppData\Local\Programs\MiKTeX 2.9\tex/latex/was\upgree
k.sty"
Package: upgreek 2003/02/12 v2.0 (WaS)
Package upgreek Info: Using Euler Roman for upright Greek on input line 31.
\symugrf@m=\mathgroup8
LaTeX Font Info:    Overwriting symbol font `ugrf@m' in version `bold'
(Font)                  U/eur/m/n --> U/eur/b/n on input line 38.
)
("C:\Users\Tobias.Schoch\AppData\Local\Programs\MiKTeX 2.9\tex/latex/textgreek\
textgreek.sty"
Package: textgreek 2011/10/09 v0.7 Greek symbols in text
Package textgreek Info: Loading the definitions for the Greek fontencoding. on 
input line 39.

("C:\Users\Tobias.Schoch\AppData\Local\Programs\MiKTeX 2.9\tex/latex/greek-font
enc\lgrenc.def"
File: lgrenc.def 2015/12/07 v0.13.1 LGR Greek font encoding definitions
Now handling font encoding LGR ...
... processing UTF-8 mapping file for font encoding LGR

("C:\Users\Tobias.Schoch\AppData\Local\Programs\MiKTeX 2.9\tex/latex/greek-inpu
tenc\lgrenc.dfu"
File: lgrenc.dfu 2015/08/05 1.6 UTF-8 support for Greek
   defining Unicode char U+00A8 (decimal 168)
   defining Unicode char U+00AB (decimal 171)
   defining Unicode char U+00AF (decimal 175)
   defining Unicode char U+00B4 (decimal 180)
   defining Unicode char U+00B7 (decimal 183)
   defining Unicode char U+00BB (decimal 187)
   defining Unicode char U+0259 (decimal 601)
   defining Unicode char U+02D8 (decimal 728)
   defining Unicode char U+2013 (decimal 8211)
   defining Unicode char U+2014 (decimal 8212)
   defining Unicode char U+2018 (decimal 8216)
   defining Unicode char U+2019 (decimal 8217)
   defining Unicode char U+201A (decimal 8218)
   defining Unicode char U+2030 (decimal 8240)
   defining Unicode char U+2039 (decimal 8249)
   defining Unicode char U+203A (decimal 8250)
   defining Unicode char U+20AC (decimal 8364)
   defining Unicode char U+0374 (decimal 884)
   defining Unicode char U+0375 (decimal 885)
   defining Unicode char U+037A (decimal 890)
   defining Unicode char U+037E (decimal 894)
   defining Unicode char U+0384 (decimal 900)
   defining Unicode char U+0385 (decimal 901)
   defining Unicode char U+0386 (decimal 902)
   defining Unicode char U+0387 (decimal 903)
   defining Unicode char U+0388 (decimal 904)
   defining Unicode char U+0389 (decimal 905)
   defining Unicode char U+038A (decimal 906)
   defining Unicode char U+038C (decimal 908)
   defining Unicode char U+038E (decimal 910)
   defining Unicode char U+038F (decimal 911)
   defining Unicode char U+0390 (decimal 912)
   defining Unicode char U+0391 (decimal 913)
   defining Unicode char U+0392 (decimal 914)
   defining Unicode char U+0393 (decimal 915)
   defining Unicode char U+0394 (decimal 916)
   defining Unicode char U+0395 (decimal 917)
   defining Unicode char U+0396 (decimal 918)
   defining Unicode char U+0397 (decimal 919)
   defining Unicode char U+0398 (decimal 920)
   defining Unicode char U+0399 (decimal 921)
   defining Unicode char U+039A (decimal 922)
   defining Unicode char U+039B (decimal 923)
   defining Unicode char U+039C (decimal 924)
   defining Unicode char U+039D (decimal 925)
   defining Unicode char U+039E (decimal 926)
   defining Unicode char U+039F (decimal 927)
   defining Unicode char U+03A0 (decimal 928)
   defining Unicode char U+03A1 (decimal 929)
   defining Unicode char U+03A3 (decimal 931)
   defining Unicode char U+03A4 (decimal 932)
   defining Unicode char U+03A5 (decimal 933)
   defining Unicode char U+03A6 (decimal 934)
   defining Unicode char U+03A7 (decimal 935)
   defining Unicode char U+03A8 (decimal 936)
   defining Unicode char U+03A9 (decimal 937)
   defining Unicode char U+03AA (decimal 938)
   defining Unicode char U+03AB (decimal 939)
   defining Unicode char U+03AC (decimal 940)
   defining Unicode char U+03AD (decimal 941)
   defining Unicode char U+03AE (decimal 942)
   defining Unicode char U+03AF (decimal 943)
   defining Unicode char U+03B0 (decimal 944)
   defining Unicode char U+03B1 (decimal 945)
   defining Unicode char U+03B2 (decimal 946)
   defining Unicode char U+03B3 (decimal 947)
   defining Unicode char U+03B4 (decimal 948)
   defining Unicode char U+03B5 (decimal 949)
   defining Unicode char U+03B6 (decimal 950)
   defining Unicode char U+03B7 (decimal 951)
   defining Unicode char U+03B8 (decimal 952)
   defining Unicode char U+03B9 (decimal 953)
   defining Unicode char U+03BA (decimal 954)
   defining Unicode char U+03BB (decimal 955)
   defining Unicode char U+03BC (decimal 956)
   defining Unicode char U+03BD (decimal 957)
   defining Unicode char U+03BE (decimal 958)
   defining Unicode char U+03BF (decimal 959)
   defining Unicode char U+03C0 (decimal 960)
   defining Unicode char U+03C1 (decimal 961)
   defining Unicode char U+03C2 (decimal 962)
   defining Unicode char U+03C3 (decimal 963)
   defining Unicode char U+03C4 (decimal 964)
   defining Unicode char U+03C5 (decimal 965)
   defining Unicode char U+03C6 (decimal 966)
   defining Unicode char U+03C7 (decimal 967)
   defining Unicode char U+03C8 (decimal 968)
   defining Unicode char U+03C9 (decimal 969)
   defining Unicode char U+03CA (decimal 970)
   defining Unicode char U+03CB (decimal 971)
   defining Unicode char U+03CC (decimal 972)
   defining Unicode char U+03CD (decimal 973)
   defining Unicode char U+03CE (decimal 974)
   defining Unicode char U+03D0 (decimal 976)
   defining Unicode char U+03D1 (decimal 977)
   defining Unicode char U+03D5 (decimal 981)
   defining Unicode char U+03D6 (decimal 982)
   defining Unicode char U+03D8 (decimal 984)
   defining Unicode char U+03D9 (decimal 985)
   defining Unicode char U+03DA (decimal 986)
   defining Unicode char U+03DB (decimal 987)
   defining Unicode char U+03DC (decimal 988)
   defining Unicode char U+03DD (decimal 989)
   defining Unicode char U+03DF (decimal 991)
   defining Unicode char U+03E0 (decimal 992)
   defining Unicode char U+03E1 (decimal 993)
   defining Unicode char U+03F0 (decimal 1008)
   defining Unicode char U+03F1 (decimal 1009)
   defining Unicode char U+03F4 (decimal 1012)
   defining Unicode char U+03F5 (decimal 1013)
   defining Unicode char U+1F00 (decimal 7936)
   defining Unicode char U+1F01 (decimal 7937)
   defining Unicode char U+1F02 (decimal 7938)
   defining Unicode char U+1F03 (decimal 7939)
   defining Unicode char U+1F04 (decimal 7940)
   defining Unicode char U+1F05 (decimal 7941)
   defining Unicode char U+1F06 (decimal 7942)
   defining Unicode char U+1F07 (decimal 7943)
   defining Unicode char U+1F08 (decimal 7944)
   defining Unicode char U+1F09 (decimal 7945)
   defining Unicode char U+1F0A (decimal 7946)
   defining Unicode char U+1F0B (decimal 7947)
   defining Unicode char U+1F0C (decimal 7948)
   defining Unicode char U+1F0D (decimal 7949)
   defining Unicode char U+1F0E (decimal 7950)
   defining Unicode char U+1F0F (decimal 7951)
   defining Unicode char U+1F10 (decimal 7952)
   defining Unicode char U+1F11 (decimal 7953)
   defining Unicode char U+1F12 (decimal 7954)
   defining Unicode char U+1F13 (decimal 7955)
   defining Unicode char U+1F14 (decimal 7956)
   defining Unicode char U+1F15 (decimal 7957)
   defining Unicode char U+1F18 (decimal 7960)
   defining Unicode char U+1F19 (decimal 7961)
   defining Unicode char U+1F1A (decimal 7962)
   defining Unicode char U+1F1B (decimal 7963)
   defining Unicode char U+1F1C (decimal 7964)
   defining Unicode char U+1F1D (decimal 7965)
   defining Unicode char U+1F20 (decimal 7968)
   defining Unicode char U+1F21 (decimal 7969)
   defining Unicode char U+1F22 (decimal 7970)
   defining Unicode char U+1F23 (decimal 7971)
   defining Unicode char U+1F24 (decimal 7972)
   defining Unicode char U+1F25 (decimal 7973)
   defining Unicode char U+1F26 (decimal 7974)
   defining Unicode char U+1F27 (decimal 7975)
   defining Unicode char U+1F28 (decimal 7976)
   defining Unicode char U+1F29 (decimal 7977)
   defining Unicode char U+1F2A (decimal 7978)
   defining Unicode char U+1F2B (decimal 7979)
   defining Unicode char U+1F2C (decimal 7980)
   defining Unicode char U+1F2D (decimal 7981)
   defining Unicode char U+1F2E (decimal 7982)
   defining Unicode char U+1F2F (decimal 7983)
   defining Unicode char U+1F30 (decimal 7984)
   defining Unicode char U+1F31 (decimal 7985)
   defining Unicode char U+1F32 (decimal 7986)
   defining Unicode char U+1F33 (decimal 7987)
   defining Unicode char U+1F34 (decimal 7988)
   defining Unicode char U+1F35 (decimal 7989)
   defining Unicode char U+1F36 (decimal 7990)
   defining Unicode char U+1F37 (decimal 7991)
   defining Unicode char U+1F38 (decimal 7992)
   defining Unicode char U+1F39 (decimal 7993)
   defining Unicode char U+1F3A (decimal 7994)
   defining Unicode char U+1F3B (decimal 7995)
   defining Unicode char U+1F3C (decimal 7996)
   defining Unicode char U+1F3D (decimal 7997)
   defining Unicode char U+1F3E (decimal 7998)
   defining Unicode char U+1F3F (decimal 7999)
   defining Unicode char U+1F40 (decimal 8000)
   defining Unicode char U+1F41 (decimal 8001)
   defining Unicode char U+1F42 (decimal 8002)
   defining Unicode char U+1F43 (decimal 8003)
   defining Unicode char U+1F44 (decimal 8004)
   defining Unicode char U+1F45 (decimal 8005)
   defining Unicode char U+1F48 (decimal 8008)
   defining Unicode char U+1F49 (decimal 8009)
   defining Unicode char U+1F4A (decimal 8010)
   defining Unicode char U+1F4B (decimal 8011)
   defining Unicode char U+1F4C (decimal 8012)
   defining Unicode char U+1F4D (decimal 8013)
   defining Unicode char U+1F50 (decimal 8016)
   defining Unicode char U+1F51 (decimal 8017)
   defining Unicode char U+1F52 (decimal 8018)
   defining Unicode char U+1F53 (decimal 8019)
   defining Unicode char U+1F54 (decimal 8020)
   defining Unicode char U+1F55 (decimal 8021)
   defining Unicode char U+1F56 (decimal 8022)
   defining Unicode char U+1F57 (decimal 8023)
   defining Unicode char U+1F59 (decimal 8025)
   defining Unicode char U+1F5B (decimal 8027)
   defining Unicode char U+1F5D (decimal 8029)
   defining Unicode char U+1F5F (decimal 8031)
   defining Unicode char U+1F60 (decimal 8032)
   defining Unicode char U+1F61 (decimal 8033)
   defining Unicode char U+1F62 (decimal 8034)
   defining Unicode char U+1F63 (decimal 8035)
   defining Unicode char U+1F64 (decimal 8036)
   defining Unicode char U+1F65 (decimal 8037)
   defining Unicode char U+1F66 (decimal 8038)
   defining Unicode char U+1F67 (decimal 8039)
   defining Unicode char U+1F68 (decimal 8040)
   defining Unicode char U+1F69 (decimal 8041)
   defining Unicode char U+1F6A (decimal 8042)
   defining Unicode char U+1F6B (decimal 8043)
   defining Unicode char U+1F6C (decimal 8044)
   defining Unicode char U+1F6D (decimal 8045)
   defining Unicode char U+1F6E (decimal 8046)
   defining Unicode char U+1F6F (decimal 8047)
   defining Unicode char U+1F70 (decimal 8048)
   defining Unicode char U+1F71 (decimal 8049)
   defining Unicode char U+1F72 (decimal 8050)
   defining Unicode char U+1F73 (decimal 8051)
   defining Unicode char U+1F74 (decimal 8052)
   defining Unicode char U+1F75 (decimal 8053)
   defining Unicode char U+1F76 (decimal 8054)
   defining Unicode char U+1F77 (decimal 8055)
   defining Unicode char U+1F78 (decimal 8056)
   defining Unicode char U+1F79 (decimal 8057)
   defining Unicode char U+1F7A (decimal 8058)
   defining Unicode char U+1F7B (decimal 8059)
   defining Unicode char U+1F7C (decimal 8060)
   defining Unicode char U+1F7D (decimal 8061)
   defining Unicode char U+1F80 (decimal 8064)
   defining Unicode char U+1F81 (decimal 8065)
   defining Unicode char U+1F82 (decimal 8066)
   defining Unicode char U+1F83 (decimal 8067)
   defining Unicode char U+1F84 (decimal 8068)
   defining Unicode char U+1F85 (decimal 8069)
   defining Unicode char U+1F86 (decimal 8070)
   defining Unicode char U+1F87 (decimal 8071)
   defining Unicode char U+1F88 (decimal 8072)
   defining Unicode char U+1F89 (decimal 8073)
   defining Unicode char U+1F8A (decimal 8074)
   defining Unicode char U+1F8B (decimal 8075)
   defining Unicode char U+1F8C (decimal 8076)
   defining Unicode char U+1F8D (decimal 8077)
   defining Unicode char U+1F8E (decimal 8078)
   defining Unicode char U+1F8F (decimal 8079)
   defining Unicode char U+1F90 (decimal 8080)
   defining Unicode char U+1F91 (decimal 8081)
   defining Unicode char U+1F92 (decimal 8082)
   defining Unicode char U+1F93 (decimal 8083)
   defining Unicode char U+1F94 (decimal 8084)
   defining Unicode char U+1F95 (decimal 8085)
   defining Unicode char U+1F96 (decimal 8086)
   defining Unicode char U+1F97 (decimal 8087)
   defining Unicode char U+1F98 (decimal 8088)
   defining Unicode char U+1F99 (decimal 8089)
   defining Unicode char U+1F9A (decimal 8090)
   defining Unicode char U+1F9B (decimal 8091)
   defining Unicode char U+1F9C (decimal 8092)
   defining Unicode char U+1F9D (decimal 8093)
   defining Unicode char U+1F9E (decimal 8094)
   defining Unicode char U+1F9F (decimal 8095)
   defining Unicode char U+1FA0 (decimal 8096)
   defining Unicode char U+1FA1 (decimal 8097)
   defining Unicode char U+1FA2 (decimal 8098)
   defining Unicode char U+1FA3 (decimal 8099)
   defining Unicode char U+1FA4 (decimal 8100)
   defining Unicode char U+1FA5 (decimal 8101)
   defining Unicode char U+1FA6 (decimal 8102)
   defining Unicode char U+1FA7 (decimal 8103)
   defining Unicode char U+1FA8 (decimal 8104)
   defining Unicode char U+1FA9 (decimal 8105)
   defining Unicode char U+1FAA (decimal 8106)
   defining Unicode char U+1FAB (decimal 8107)
   defining Unicode char U+1FAC (decimal 8108)
   defining Unicode char U+1FAD (decimal 8109)
   defining Unicode char U+1FAE (decimal 8110)
   defining Unicode char U+1FAF (decimal 8111)
   defining Unicode char U+1FB0 (decimal 8112)
   defining Unicode char U+1FB1 (decimal 8113)
   defining Unicode char U+1FB2 (decimal 8114)
   defining Unicode char U+1FB3 (decimal 8115)
   defining Unicode char U+1FB4 (decimal 8116)
   defining Unicode char U+1FB6 (decimal 8118)
   defining Unicode char U+1FB7 (decimal 8119)
   defining Unicode char U+1FB8 (decimal 8120)
   defining Unicode char U+1FB9 (decimal 8121)
   defining Unicode char U+1FBA (decimal 8122)
   defining Unicode char U+1FBB (decimal 8123)
   defining Unicode char U+1FBC (decimal 8124)
   defining Unicode char U+1FBD (decimal 8125)
   defining Unicode char U+1FBE (decimal 8126)
   defining Unicode char U+1FBF (decimal 8127)
   defining Unicode char U+1FC0 (decimal 8128)
   defining Unicode char U+1FC1 (decimal 8129)
   defining Unicode char U+1FC2 (decimal 8130)
   defining Unicode char U+1FC3 (decimal 8131)
   defining Unicode char U+1FC4 (decimal 8132)
   defining Unicode char U+1FC6 (decimal 8134)
   defining Unicode char U+1FC7 (decimal 8135)
   defining Unicode char U+1FC8 (decimal 8136)
   defining Unicode char U+1FC9 (decimal 8137)
   defining Unicode char U+1FCA (decimal 8138)
   defining Unicode char U+1FCB (decimal 8139)
   defining Unicode char U+1FCC (decimal 8140)
   defining Unicode char U+1FCD (decimal 8141)
   defining Unicode char U+1FCE (decimal 8142)
   defining Unicode char U+1FCF (decimal 8143)
   defining Unicode char U+1FD0 (decimal 8144)
   defining Unicode char U+1FD1 (decimal 8145)
   defining Unicode char U+1FD2 (decimal 8146)
   defining Unicode char U+1FD3 (decimal 8147)
   defining Unicode char U+1FD6 (decimal 8150)
   defining Unicode char U+1FD7 (decimal 8151)
   defining Unicode char U+1FD8 (decimal 8152)
   defining Unicode char U+1FD9 (decimal 8153)
   defining Unicode char U+1FDA (decimal 8154)
   defining Unicode char U+1FDB (decimal 8155)
   defining Unicode char U+1FDD (decimal 8157)
   defining Unicode char U+1FDE (decimal 8158)
   defining Unicode char U+1FDF (decimal 8159)
   defining Unicode char U+1FE0 (decimal 8160)
   defining Unicode char U+1FE1 (decimal 8161)
   defining Unicode char U+1FE2 (decimal 8162)
   defining Unicode char U+1FE3 (decimal 8163)
   defining Unicode char U+1FE4 (decimal 8164)
   defining Unicode char U+1FE5 (decimal 8165)
   defining Unicode char U+1FE6 (decimal 8166)
   defining Unicode char U+1FE7 (decimal 8167)
   defining Unicode char U+1FE8 (decimal 8168)
   defining Unicode char U+1FE9 (decimal 8169)
   defining Unicode char U+1FEA (decimal 8170)
   defining Unicode char U+1FEB (decimal 8171)
   defining Unicode char U+1FEC (decimal 8172)
   defining Unicode char U+1FED (decimal 8173)
   defining Unicode char U+1FEE (decimal 8174)
   defining Unicode char U+1FEF (decimal 8175)
   defining Unicode char U+1FF2 (decimal 8178)
   defining Unicode char U+1FF3 (decimal 8179)
   defining Unicode char U+1FF4 (decimal 8180)
   defining Unicode char U+1FF6 (decimal 8182)
   defining Unicode char U+1FF7 (decimal 8183)
   defining Unicode char U+1FF8 (decimal 8184)
   defining Unicode char U+1FF9 (decimal 8185)
   defining Unicode char U+1FFA (decimal 8186)
   defining Unicode char U+1FFB (decimal 8187)
   defining Unicode char U+1FFC (decimal 8188)
   defining Unicode char U+1FFD (decimal 8189)
   defining Unicode char U+1FFE (decimal 8190)
   defining Unicode char U+2013 (decimal 8211)
   defining Unicode char U+2014 (decimal 8212)
   defining Unicode char U+2018 (decimal 8216)
   defining Unicode char U+2019 (decimal 8217)
   defining Unicode char U+2030 (decimal 8240)
   defining Unicode char U+20AC (decimal 8364)
   defining Unicode char U+2126 (decimal 8486)
   defining Unicode char U+10144 (decimal 65860)
   defining Unicode char U+10145 (decimal 65861)
   defining Unicode char U+10146 (decimal 65862)
   defining Unicode char U+10147 (decimal 65863)
)
("C:\Users\Tobias.Schoch\AppData\Local\Programs\MiKTeX 2.9\tex/latex/greek-font
enc\greek-fontenc.def"
File: greek-fontenc.def 2015/08/04 v0.13 Common Greek font encoding definitions

))
Package textgreek Info: Loaded fontmap: {eur/*/*}{U/eur/*/*} {phv/*/*}{U/psy/*/
*}. on input line 69.
)
("C:\Users\Tobias.Schoch\AppData\Local\Programs\MiKTeX 2.9\tex/latex/acronym\ac
ronym.sty"
Package: acronym 2015/03/21 v1.41 Support for acronyms (Tobias Oetiker)

("C:\Users\Tobias.Schoch\AppData\Local\Programs\MiKTeX 2.9\tex/latex/bigfoot\su
ffix.sty"
Package: suffix 2006/07/15 1.5a Variant command support
)
("C:\Users\Tobias.Schoch\AppData\Local\Programs\MiKTeX 2.9\tex/latex/xstring\xs
tring.sty"
("C:\Users\Tobias.Schoch\AppData\Local\Programs\MiKTeX 2.9\tex/generic/xstring\
xstring.tex"
\integerpart=\count121
\decimalpart=\count122
)
Package: xstring 2019/02/06 v1.83 String manipulations (CT)
)
\AC@clearlist=\toks32
)
("C:\Users\Tobias.Schoch\AppData\Local\Programs\MiKTeX 2.9\tex/latex/seqsplit\s
eqsplit.sty"
Package: seqsplit 2006/08/07 v0.1 Splitting long sequences (DNA, RNA, proteins,
 etc.) 
)
("C:\Users\Tobias.Schoch\AppData\Local\Programs\MiKTeX 2.9\tex/latex/base\textc
omp.sty"
Package: textcomp 2018/08/11 v2.0j Standard LaTeX package
Package textcomp Info: Sub-encoding information:
(textcomp)               5 = only ISO-Adobe without \textcurrency
(textcomp)               4 = 5 + \texteuro
(textcomp)               3 = 4 + \textohm
(textcomp)               2 = 3 + \textestimated + \textcurrency
(textcomp)               1 = TS1 - \textcircled - \t
(textcomp)               0 = TS1 (full)
(textcomp)             Font families with sub-encoding setting implement
(textcomp)             only a restricted character set as indicated.
(textcomp)             Family '?' is the default used for unknown fonts.
(textcomp)             See the documentation for details.
Package textcomp Info: Setting ? sub-encoding to TS1/1 on input line 79.

("C:\Users\Tobias.Schoch\AppData\Local\Programs\MiKTeX 2.9\tex/latex/base\ts1en
c.def"
File: ts1enc.def 2001/06/05 v3.0e (jk/car/fm) Standard LaTeX file
Now handling font encoding TS1 ...
... processing UTF-8 mapping file for font encoding TS1

("C:\Users\Tobias.Schoch\AppData\Local\Programs\MiKTeX 2.9\tex/latex/base\ts1en
c.dfu"
File: ts1enc.dfu 2018/10/05 v1.2f UTF-8 support for inputenc
   defining Unicode char U+00A2 (decimal 162)
   defining Unicode char U+00A3 (decimal 163)
   defining Unicode char U+00A4 (decimal 164)
   defining Unicode char U+00A5 (decimal 165)
   defining Unicode char U+00A6 (decimal 166)
   defining Unicode char U+00A7 (decimal 167)
   defining Unicode char U+00A8 (decimal 168)
   defining Unicode char U+00A9 (decimal 169)
   defining Unicode char U+00AA (decimal 170)
   defining Unicode char U+00AC (decimal 172)
   defining Unicode char U+00AE (decimal 174)
   defining Unicode char U+00AF (decimal 175)
   defining Unicode char U+00B0 (decimal 176)
   defining Unicode char U+00B1 (decimal 177)
   defining Unicode char U+00B2 (decimal 178)
   defining Unicode char U+00B3 (decimal 179)
   defining Unicode char U+00B4 (decimal 180)
   defining Unicode char U+00B5 (decimal 181)
   defining Unicode char U+00B6 (decimal 182)
   defining Unicode char U+00B7 (decimal 183)
   defining Unicode char U+00B9 (decimal 185)
   defining Unicode char U+00BA (decimal 186)
   defining Unicode char U+00BC (decimal 188)
   defining Unicode char U+00BD (decimal 189)
   defining Unicode char U+00BE (decimal 190)
   defining Unicode char U+00D7 (decimal 215)
   defining Unicode char U+00F7 (decimal 247)
   defining Unicode char U+0192 (decimal 402)
   defining Unicode char U+02C7 (decimal 711)
   defining Unicode char U+02D8 (decimal 728)
   defining Unicode char U+02DD (decimal 733)
   defining Unicode char U+0E3F (decimal 3647)
   defining Unicode char U+2016 (decimal 8214)
   defining Unicode char U+2020 (decimal 8224)
   defining Unicode char U+2021 (decimal 8225)
   defining Unicode char U+2022 (decimal 8226)
   defining Unicode char U+2030 (decimal 8240)
   defining Unicode char U+2031 (decimal 8241)
   defining Unicode char U+203B (decimal 8251)
   defining Unicode char U+203D (decimal 8253)
   defining Unicode char U+2044 (decimal 8260)
   defining Unicode char U+204E (decimal 8270)
   defining Unicode char U+2052 (decimal 8274)
   defining Unicode char U+20A1 (decimal 8353)
   defining Unicode char U+20A4 (decimal 8356)
   defining Unicode char U+20A6 (decimal 8358)
   defining Unicode char U+20A9 (decimal 8361)
   defining Unicode char U+20AB (decimal 8363)
   defining Unicode char U+20AC (decimal 8364)
   defining Unicode char U+20B1 (decimal 8369)
   defining Unicode char U+2103 (decimal 8451)
   defining Unicode char U+2116 (decimal 8470)
   defining Unicode char U+2117 (decimal 8471)
   defining Unicode char U+211E (decimal 8478)
   defining Unicode char U+2120 (decimal 8480)
   defining Unicode char U+2122 (decimal 8482)
   defining Unicode char U+2126 (decimal 8486)
   defining Unicode char U+2127 (decimal 8487)
   defining Unicode char U+212E (decimal 8494)
   defining Unicode char U+2190 (decimal 8592)
   defining Unicode char U+2191 (decimal 8593)
   defining Unicode char U+2192 (decimal 8594)
   defining Unicode char U+2193 (decimal 8595)
   defining Unicode char U+2329 (decimal 9001)
   defining Unicode char U+232A (decimal 9002)
   defining Unicode char U+2422 (decimal 9250)
   defining Unicode char U+25E6 (decimal 9702)
   defining Unicode char U+25EF (decimal 9711)
   defining Unicode char U+266A (decimal 9834)
   defining Unicode char U+FEFF (decimal 65279)
))
LaTeX Info: Redefining \oldstylenums on input line 334.
Package textcomp Info: Setting cmr sub-encoding to TS1/0 on input line 349.
Package textcomp Info: Setting cmss sub-encoding to TS1/0 on input line 350.
Package textcomp Info: Setting cmtt sub-encoding to TS1/0 on input line 351.
Package textcomp Info: Setting cmvtt sub-encoding to TS1/0 on input line 352.
Package textcomp Info: Setting cmbr sub-encoding to TS1/0 on input line 353.
Package textcomp Info: Setting cmtl sub-encoding to TS1/0 on input line 354.
Package textcomp Info: Setting ccr sub-encoding to TS1/0 on input line 355.
Package textcomp Info: Setting ptm sub-encoding to TS1/4 on input line 356.
Package textcomp Info: Setting pcr sub-encoding to TS1/4 on input line 357.
Package textcomp Info: Setting phv sub-encoding to TS1/4 on input line 358.
Package textcomp Info: Setting ppl sub-encoding to TS1/3 on input line 359.
Package textcomp Info: Setting pag sub-encoding to TS1/4 on input line 360.
Package textcomp Info: Setting pbk sub-encoding to TS1/4 on input line 361.
Package textcomp Info: Setting pnc sub-encoding to TS1/4 on input line 362.
Package textcomp Info: Setting pzc sub-encoding to TS1/4 on input line 363.
Package textcomp Info: Setting bch sub-encoding to TS1/4 on input line 364.
Package textcomp Info: Setting put sub-encoding to TS1/5 on input line 365.
Package textcomp Info: Setting uag sub-encoding to TS1/5 on input line 366.
Package textcomp Info: Setting ugq sub-encoding to TS1/5 on input line 367.
Package textcomp Info: Setting ul8 sub-encoding to TS1/4 on input line 368.
Package textcomp Info: Setting ul9 sub-encoding to TS1/4 on input line 369.
Package textcomp Info: Setting augie sub-encoding to TS1/5 on input line 370.
Package textcomp Info: Setting dayrom sub-encoding to TS1/3 on input line 371.
Package textcomp Info: Setting dayroms sub-encoding to TS1/3 on input line 372.

Package textcomp Info: Setting pxr sub-encoding to TS1/0 on input line 373.
Package textcomp Info: Setting pxss sub-encoding to TS1/0 on input line 374.
Package textcomp Info: Setting pxtt sub-encoding to TS1/0 on input line 375.
Package textcomp Info: Setting txr sub-encoding to TS1/0 on input line 376.
Package textcomp Info: Setting txss sub-encoding to TS1/0 on input line 377.
Package textcomp Info: Setting txtt sub-encoding to TS1/0 on input line 378.
Package textcomp Info: Setting lmr sub-encoding to TS1/0 on input line 379.
Package textcomp Info: Setting lmdh sub-encoding to TS1/0 on input line 380.
Package textcomp Info: Setting lmss sub-encoding to TS1/0 on input line 381.
Package textcomp Info: Setting lmssq sub-encoding to TS1/0 on input line 382.
Package textcomp Info: Setting lmvtt sub-encoding to TS1/0 on input line 383.
Package textcomp Info: Setting lmtt sub-encoding to TS1/0 on input line 384.
Package textcomp Info: Setting qhv sub-encoding to TS1/0 on input line 385.
Package textcomp Info: Setting qag sub-encoding to TS1/0 on input line 386.
Package textcomp Info: Setting qbk sub-encoding to TS1/0 on input line 387.
Package textcomp Info: Setting qcr sub-encoding to TS1/0 on input line 388.
Package textcomp Info: Setting qcs sub-encoding to TS1/0 on input line 389.
Package textcomp Info: Setting qpl sub-encoding to TS1/0 on input line 390.
Package textcomp Info: Setting qtm sub-encoding to TS1/0 on input line 391.
Package textcomp Info: Setting qzc sub-encoding to TS1/0 on input line 392.
Package textcomp Info: Setting qhvc sub-encoding to TS1/0 on input line 393.
Package textcomp Info: Setting futs sub-encoding to TS1/4 on input line 394.
Package textcomp Info: Setting futx sub-encoding to TS1/4 on input line 395.
Package textcomp Info: Setting futj sub-encoding to TS1/4 on input line 396.
Package textcomp Info: Setting hlh sub-encoding to TS1/3 on input line 397.
Package textcomp Info: Setting hls sub-encoding to TS1/3 on input line 398.
Package textcomp Info: Setting hlst sub-encoding to TS1/3 on input line 399.
Package textcomp Info: Setting hlct sub-encoding to TS1/5 on input line 400.
Package textcomp Info: Setting hlx sub-encoding to TS1/5 on input line 401.
Package textcomp Info: Setting hlce sub-encoding to TS1/5 on input line 402.
Package textcomp Info: Setting hlcn sub-encoding to TS1/5 on input line 403.
Package textcomp Info: Setting hlcw sub-encoding to TS1/5 on input line 404.
Package textcomp Info: Setting hlcf sub-encoding to TS1/5 on input line 405.
Package textcomp Info: Setting pplx sub-encoding to TS1/3 on input line 406.
Package textcomp Info: Setting pplj sub-encoding to TS1/3 on input line 407.
Package textcomp Info: Setting ptmx sub-encoding to TS1/4 on input line 408.
Package textcomp Info: Setting ptmj sub-encoding to TS1/4 on input line 409.
)
("C:\Users\Tobias.Schoch\AppData\Local\Programs\MiKTeX 2.9\tex/latex/subfiles\s
ubfiles.sty"
Package: subfiles 2018/07/31 Federico Garcia, Gernot Salzer

("C:\Users\Tobias.Schoch\AppData\Local\Programs\MiKTeX 2.9\tex/latex/tools\verb
atim.sty"
Package: verbatim 2014/10/28 v1.5q LaTeX2e package for verbatim enhancements
\every@verbatim=\toks33
\verbatim@line=\toks34
\verbatim@in@stream=\read1
))
("C:\Users\Tobias.Schoch\AppData\Local\Programs\MiKTeX 2.9\tex/latex/xcolor\xco
lor.sty"
Package: xcolor 2016/05/11 v2.12 LaTeX color extensions (UK)

("C:\Users\Tobias.Schoch\AppData\Local\Programs\MiKTeX 2.9\tex/latex/graphics-c
fg\color.cfg"
File: color.cfg 2016/01/02 v1.6 sample color configuration
)
Package xcolor Info: Package option `usenames' ignored on input line 216.
Package xcolor Info: Driver file: pdftex.def on input line 225.

("C:\Users\Tobias.Schoch\AppData\Local\Programs\MiKTeX 2.9\tex/latex/graphics-d
ef\pdftex.def"
File: pdftex.def 2018/01/08 v1.0l Graphics/color driver for pdftex
)
("C:\Users\Tobias.Schoch\AppData\Local\Programs\MiKTeX 2.9\tex/latex/colortbl\c
olortbl.sty"
Package: colortbl 2018/12/12 v1.0d Color table columns (DPC)
\everycr=\toks35
\minrowclearance=\skip58
)
\rownum=\count123
Package xcolor Info: Model `cmy' substituted by `cmy0' on input line 1348.
Package xcolor Info: Model `hsb' substituted by `rgb' on input line 1352.
Package xcolor Info: Model `RGB' extended on input line 1364.
Package xcolor Info: Model `HTML' substituted by `rgb' on input line 1366.
Package xcolor Info: Model `Hsb' substituted by `hsb' on input line 1367.
Package xcolor Info: Model `tHsb' substituted by `hsb' on input line 1368.
Package xcolor Info: Model `HSB' substituted by `hsb' on input line 1369.
Package xcolor Info: Model `Gray' substituted by `gray' on input line 1370.
Package xcolor Info: Model `wave' substituted by `hsb' on input line 1371.

("C:\Users\Tobias.Schoch\AppData\Local\Programs\MiKTeX 2.9\tex/latex/graphics\d
vipsnam.def"
File: dvipsnam.def 2016/06/17 v3.0m Driver-dependent file (DPC,SPQR)
))
("C:\Users\Tobias.Schoch\AppData\Local\Programs\MiKTeX 2.9\tex/latex/listings\l
istings.sty"
\lst@mode=\count124
\lst@gtempboxa=\box32
\lst@token=\toks36
\lst@length=\count125
\lst@currlwidth=\dimen133
\lst@column=\count126
\lst@pos=\count127
\lst@lostspace=\dimen134
\lst@width=\dimen135
\lst@newlines=\count128
\lst@lineno=\count129
\lst@maxwidth=\dimen136

("C:\Users\Tobias.Schoch\AppData\Local\Programs\MiKTeX 2.9\tex/latex/listings\l
stmisc.sty"
File: lstmisc.sty 2019/02/27 1.8b (Carsten Heinz)
\c@lstnumber=\count130
\lst@skipnumbers=\count131
\lst@framebox=\box33
)
("C:\Users\Tobias.Schoch\AppData\Local\Programs\MiKTeX 2.9\tex/latex/listings\l
istings.cfg"
File: listings.cfg 2019/02/27 1.8b listings configuration
))
Package: listings 2019/02/27 1.8b (Carsten Heinz)
 (cfgs/listings/listings_def_lang_latex.tex)
(cfgs/listings/listings_def_lang_python.tex)
("C:\Users\Tobias.Schoch\AppData\Local\Programs\MiKTeX 2.9\tex/latex/fancyhdr\f
ancyhdr.sty"
Package: fancyhdr 2019/01/31 v3.10 Extensive control of page headers and footer
s
\f@nch@headwidth=\skip59
\f@nch@O@elh=\skip60
\f@nch@O@erh=\skip61
\f@nch@O@olh=\skip62
\f@nch@O@orh=\skip63
\f@nch@O@elf=\skip64
\f@nch@O@erf=\skip65
\f@nch@O@olf=\skip66
\f@nch@O@orf=\skip67
)
("C:\Users\Tobias.Schoch\AppData\Local\Programs\MiKTeX 2.9\tex/latex/lastpage\l
astpage.sty"
Package: lastpage 2015/03/29 v1.2m Refers to last page's name (HMM; JPG)
) (cfgs/fancyhdr/fancyhdr_pagestyle_plain.tex)
(cfgs/fancyhdr/fancyhdr_pagestyle_preface.tex)
(cfgs/fancyhdr/fancyhdr_pagestyle_default_onepage.tex)
("C:\Users\Tobias.Schoch\AppData\Local\Programs\MiKTeX 2.9\tex/latex/graphics\g
raphicx.sty"
Package: graphicx 2017/06/01 v1.1a Enhanced LaTeX Graphics (DPC,SPQR)

("C:\Users\Tobias.Schoch\AppData\Local\Programs\MiKTeX 2.9\tex/latex/graphics\g
raphics.sty"
Package: graphics 2017/06/25 v1.2c Standard LaTeX Graphics (DPC,SPQR)

("C:\Users\Tobias.Schoch\AppData\Local\Programs\MiKTeX 2.9\tex/latex/graphics\t
rig.sty"
Package: trig 2016/01/03 v1.10 sin cos tan (DPC)
)
("C:\Users\Tobias.Schoch\AppData\Local\Programs\MiKTeX 2.9\tex/latex/graphics-c
fg\graphics.cfg"
File: graphics.cfg 2016/06/04 v1.11 sample graphics configuration
)
Package graphics Info: Driver file: pdftex.def on input line 99.
)
\Gin@req@height=\dimen137
\Gin@req@width=\dimen138
)
("C:\Users\Tobias.Schoch\AppData\Local\Programs\MiKTeX 2.9\tex/latex/oberdiek\e
pstopdf.sty"
Package: epstopdf 2016/05/15 v2.6 Conversion with epstopdf on the fly (HO)

("C:\Users\Tobias.Schoch\AppData\Local\Programs\MiKTeX 2.9\tex/latex/oberdiek\e
pstopdf-base.sty"
Package: epstopdf-base 2016/05/15 v2.6 Base part for package epstopdf

("C:\Users\Tobias.Schoch\AppData\Local\Programs\MiKTeX 2.9\tex/latex/oberdiek\g
rfext.sty"
Package: grfext 2016/05/16 v1.2 Manage graphics extensions (HO)
)
Package epstopdf-base Info: Redefining graphics rule for `.eps' on input line 4
38.
Package grfext Info: Graphics extension search list:
(grfext)             [.pdf,.png,.jpg,.mps,.jpeg,.jbig2,.jb2,.PDF,.PNG,.JPG,.JPE
G,.JBIG2,.JB2,.eps]
(grfext)             \AppendGraphicsExtensions on input line 456.
))
("C:\Users\Tobias.Schoch\AppData\Local\Programs\MiKTeX 2.9\tex/latex/caption\ca
ption.sty"
Package: caption 2018/10/06 v3.3-154 Customizing captions (AR)

("C:\Users\Tobias.Schoch\AppData\Local\Programs\MiKTeX 2.9\tex/latex/caption\ca
ption3.sty"
Package: caption3 2018/09/12 v1.8c caption3 kernel (AR)
Package caption3 Info: TeX engine: e-TeX on input line 64.
\captionmargin=\dimen139
\captionmargin@=\dimen140
\captionwidth=\dimen141
\caption@tempdima=\dimen142
\caption@indent=\dimen143
\caption@parindent=\dimen144
\caption@hangindent=\dimen145
)
\c@caption@flags=\count132
\c@ContinuedFloat=\count133
Package caption Info: hyperref package is loaded.
Package caption Info: listings package is loaded.
)
("C:\Users\Tobias.Schoch\AppData\Local\Programs\MiKTeX 2.9\tex/latex/caption\su
bcaption.sty"
Package: subcaption 2018/05/01 v1.1-162 Sub-captions (AR)
\c@subfigure=\count134
\c@subtable=\count135
)
("C:\Users\Tobias.Schoch\AppData\Local\Programs\MiKTeX 2.9\tex/latex/float\floa
t.sty"
Package: float 2001/11/08 v1.3d Float enhancements (AL)
\c@float@type=\count136
\float@exts=\toks37
\float@box=\box34
\@float@everytoks=\toks38
\@floatcapt=\box35
)
("C:\Users\Tobias.Schoch\AppData\Local\Programs\MiKTeX 2.9\tex/latex/placeins\p
laceins.sty"
Package: placeins 2005/04/18  v 2.2
)
("C:\Users\Tobias.Schoch\AppData\Local\Programs\MiKTeX 2.9\tex/latex/pgf/fronte
ndlayer\tikz.sty"
("C:\Users\Tobias.Schoch\AppData\Local\Programs\MiKTeX 2.9\tex/latex/pgf/basicl
ayer\pgf.sty"
("C:\Users\Tobias.Schoch\AppData\Local\Programs\MiKTeX 2.9\tex/latex/pgf/utilit
ies\pgfrcs.sty"
("C:\Users\Tobias.Schoch\AppData\Local\Programs\MiKTeX 2.9\tex/generic/pgf/util
ities\pgfutil-common.tex"
\pgfutil@everybye=\toks39
\pgfutil@tempdima=\dimen146
\pgfutil@tempdimb=\dimen147

("C:\Users\Tobias.Schoch\AppData\Local\Programs\MiKTeX 2.9\tex/generic/pgf/util
ities\pgfutil-common-lists.tex"))
("C:\Users\Tobias.Schoch\AppData\Local\Programs\MiKTeX 2.9\tex/generic/pgf/util
ities\pgfutil-latex.def"
\pgfutil@abb=\box36

("C:\Users\Tobias.Schoch\AppData\Local\Programs\MiKTeX 2.9\tex/latex/ms\everysh
i.sty"
Package: everyshi 2001/05/15 v3.00 EveryShipout Package (MS)
))
("C:\Users\Tobias.Schoch\AppData\Local\Programs\MiKTeX 2.9\tex/generic/pgf/util
ities\pgfrcs.code.tex"
("C:\Users\Tobias.Schoch\AppData\Local\Programs\MiKTeX 2.9\tex/generic/pgf\pgf.
revision.tex")
Package: pgfrcs 2019/04/04 v3.1.2 (3.1.2)
))
Package: pgf 2019/04/04 v3.1.2 (3.1.2)

("C:\Users\Tobias.Schoch\AppData\Local\Programs\MiKTeX 2.9\tex/latex/pgf/basicl
ayer\pgfcore.sty"
("C:\Users\Tobias.Schoch\AppData\Local\Programs\MiKTeX 2.9\tex/latex/pgf/system
layer\pgfsys.sty"
("C:\Users\Tobias.Schoch\AppData\Local\Programs\MiKTeX 2.9\tex/generic/pgf/syst
emlayer\pgfsys.code.tex"
Package: pgfsys 2019/04/04 v3.1.2 (3.1.2)

("C:\Users\Tobias.Schoch\AppData\Local\Programs\MiKTeX 2.9\tex/generic/pgf/util
ities\pgfkeys.code.tex"
\pgfkeys@pathtoks=\toks40
\pgfkeys@temptoks=\toks41

("C:\Users\Tobias.Schoch\AppData\Local\Programs\MiKTeX 2.9\tex/generic/pgf/util
ities\pgfkeysfiltered.code.tex"
\pgfkeys@tmptoks=\toks42
))
\pgf@x=\dimen148
\pgf@y=\dimen149
\pgf@xa=\dimen150
\pgf@ya=\dimen151
\pgf@xb=\dimen152
\pgf@yb=\dimen153
\pgf@xc=\dimen154
\pgf@yc=\dimen155
\w@pgf@writea=\write3
\r@pgf@reada=\read2
\c@pgf@counta=\count137
\c@pgf@countb=\count138
\c@pgf@countc=\count139
\c@pgf@countd=\count140
\t@pgf@toka=\toks43
\t@pgf@tokb=\toks44
\t@pgf@tokc=\toks45
\pgf@sys@id@count=\count141

("C:\Users\Tobias.Schoch\AppData\Local\Programs\MiKTeX 2.9\tex/generic/pgf/syst
emlayer\pgf.cfg"
File: pgf.cfg 2019/04/04 v3.1.2 (3.1.2)
)
Driver file for pgf: pgfsys-pdftex.def

("C:\Users\Tobias.Schoch\AppData\Local\Programs\MiKTeX 2.9\tex/generic/pgf/syst
emlayer\pgfsys-pdftex.def"
File: pgfsys-pdftex.def 2019/04/04 v3.1.2 (3.1.2)

("C:\Users\Tobias.Schoch\AppData\Local\Programs\MiKTeX 2.9\tex/generic/pgf/syst
emlayer\pgfsys-common-pdf.def"
File: pgfsys-common-pdf.def 2019/04/04 v3.1.2 (3.1.2)
)))
("C:\Users\Tobias.Schoch\AppData\Local\Programs\MiKTeX 2.9\tex/generic/pgf/syst
emlayer\pgfsyssoftpath.code.tex"
File: pgfsyssoftpath.code.tex 2019/04/04 v3.1.2 (3.1.2)
\pgfsyssoftpath@smallbuffer@items=\count142
\pgfsyssoftpath@bigbuffer@items=\count143
)
("C:\Users\Tobias.Schoch\AppData\Local\Programs\MiKTeX 2.9\tex/generic/pgf/syst
emlayer\pgfsysprotocol.code.tex"
File: pgfsysprotocol.code.tex 2019/04/04 v3.1.2 (3.1.2)
))
("C:\Users\Tobias.Schoch\AppData\Local\Programs\MiKTeX 2.9\tex/generic/pgf/basi
clayer\pgfcore.code.tex"
Package: pgfcore 2019/04/04 v3.1.2 (3.1.2)

("C:\Users\Tobias.Schoch\AppData\Local\Programs\MiKTeX 2.9\tex/generic/pgf/math
\pgfmath.code.tex"
("C:\Users\Tobias.Schoch\AppData\Local\Programs\MiKTeX 2.9\tex/generic/pgf/math
\pgfmathcalc.code.tex"
("C:\Users\Tobias.Schoch\AppData\Local\Programs\MiKTeX 2.9\tex/generic/pgf/math
\pgfmathutil.code.tex")
("C:\Users\Tobias.Schoch\AppData\Local\Programs\MiKTeX 2.9\tex/generic/pgf/math
\pgfmathparser.code.tex"
\pgfmath@dimen=\dimen156
\pgfmath@count=\count144
\pgfmath@box=\box37
\pgfmath@toks=\toks46
\pgfmath@stack@operand=\toks47
\pgfmath@stack@operation=\toks48
)
("C:\Users\Tobias.Schoch\AppData\Local\Programs\MiKTeX 2.9\tex/generic/pgf/math
\pgfmathfunctions.code.tex"
("C:\Users\Tobias.Schoch\AppData\Local\Programs\MiKTeX 2.9\tex/generic/pgf/math
\pgfmathfunctions.basic.code.tex")
("C:\Users\Tobias.Schoch\AppData\Local\Programs\MiKTeX 2.9\tex/generic/pgf/math
\pgfmathfunctions.trigonometric.code.tex")
("C:\Users\Tobias.Schoch\AppData\Local\Programs\MiKTeX 2.9\tex/generic/pgf/math
\pgfmathfunctions.random.code.tex")
("C:\Users\Tobias.Schoch\AppData\Local\Programs\MiKTeX 2.9\tex/generic/pgf/math
\pgfmathfunctions.comparison.code.tex")
("C:\Users\Tobias.Schoch\AppData\Local\Programs\MiKTeX 2.9\tex/generic/pgf/math
\pgfmathfunctions.base.code.tex")
("C:\Users\Tobias.Schoch\AppData\Local\Programs\MiKTeX 2.9\tex/generic/pgf/math
\pgfmathfunctions.round.code.tex")
("C:\Users\Tobias.Schoch\AppData\Local\Programs\MiKTeX 2.9\tex/generic/pgf/math
\pgfmathfunctions.misc.code.tex")
("C:\Users\Tobias.Schoch\AppData\Local\Programs\MiKTeX 2.9\tex/generic/pgf/math
\pgfmathfunctions.integerarithmetics.code.tex")))
("C:\Users\Tobias.Schoch\AppData\Local\Programs\MiKTeX 2.9\tex/generic/pgf/math
\pgfmathfloat.code.tex"
\c@pgfmathroundto@lastzeros=\count145
))
("C:\Users\Tobias.Schoch\AppData\Local\Programs\MiKTeX 2.9\tex/generic/pgf/basi
clayer\pgfcorepoints.code.tex"
File: pgfcorepoints.code.tex 2019/04/04 v3.1.2 (3.1.2)
\pgf@picminx=\dimen157
\pgf@picmaxx=\dimen158
\pgf@picminy=\dimen159
\pgf@picmaxy=\dimen160
\pgf@pathminx=\dimen161
\pgf@pathmaxx=\dimen162
\pgf@pathminy=\dimen163
\pgf@pathmaxy=\dimen164
\pgf@xx=\dimen165
\pgf@xy=\dimen166
\pgf@yx=\dimen167
\pgf@yy=\dimen168
\pgf@zx=\dimen169
\pgf@zy=\dimen170
)
("C:\Users\Tobias.Schoch\AppData\Local\Programs\MiKTeX 2.9\tex/generic/pgf/basi
clayer\pgfcorepathconstruct.code.tex"
File: pgfcorepathconstruct.code.tex 2019/04/04 v3.1.2 (3.1.2)
\pgf@path@lastx=\dimen171
\pgf@path@lasty=\dimen172
)
("C:\Users\Tobias.Schoch\AppData\Local\Programs\MiKTeX 2.9\tex/generic/pgf/basi
clayer\pgfcorepathusage.code.tex"
File: pgfcorepathusage.code.tex 2019/04/04 v3.1.2 (3.1.2)
\pgf@shorten@end@additional=\dimen173
\pgf@shorten@start@additional=\dimen174
)
("C:\Users\Tobias.Schoch\AppData\Local\Programs\MiKTeX 2.9\tex/generic/pgf/basi
clayer\pgfcorescopes.code.tex"
File: pgfcorescopes.code.tex 2019/04/04 v3.1.2 (3.1.2)
\pgfpic=\box38
\pgf@hbox=\box39
\pgf@layerbox@main=\box40
\pgf@picture@serial@count=\count146
)
("C:\Users\Tobias.Schoch\AppData\Local\Programs\MiKTeX 2.9\tex/generic/pgf/basi
clayer\pgfcoregraphicstate.code.tex"
File: pgfcoregraphicstate.code.tex 2019/04/04 v3.1.2 (3.1.2)
\pgflinewidth=\dimen175
)
("C:\Users\Tobias.Schoch\AppData\Local\Programs\MiKTeX 2.9\tex/generic/pgf/basi
clayer\pgfcoretransformations.code.tex"
File: pgfcoretransformations.code.tex 2019/04/04 v3.1.2 (3.1.2)
\pgf@pt@x=\dimen176
\pgf@pt@y=\dimen177
\pgf@pt@temp=\dimen178
)
("C:\Users\Tobias.Schoch\AppData\Local\Programs\MiKTeX 2.9\tex/generic/pgf/basi
clayer\pgfcorequick.code.tex"
File: pgfcorequick.code.tex 2019/04/04 v3.1.2 (3.1.2)
)
("C:\Users\Tobias.Schoch\AppData\Local\Programs\MiKTeX 2.9\tex/generic/pgf/basi
clayer\pgfcoreobjects.code.tex"
File: pgfcoreobjects.code.tex 2019/04/04 v3.1.2 (3.1.2)
)
("C:\Users\Tobias.Schoch\AppData\Local\Programs\MiKTeX 2.9\tex/generic/pgf/basi
clayer\pgfcorepathprocessing.code.tex"
File: pgfcorepathprocessing.code.tex 2019/04/04 v3.1.2 (3.1.2)
)
("C:\Users\Tobias.Schoch\AppData\Local\Programs\MiKTeX 2.9\tex/generic/pgf/basi
clayer\pgfcorearrows.code.tex"
File: pgfcorearrows.code.tex 2019/04/04 v3.1.2 (3.1.2)
\pgfarrowsep=\dimen179
)
("C:\Users\Tobias.Schoch\AppData\Local\Programs\MiKTeX 2.9\tex/generic/pgf/basi
clayer\pgfcoreshade.code.tex"
File: pgfcoreshade.code.tex 2019/04/04 v3.1.2 (3.1.2)
\pgf@max=\dimen180
\pgf@sys@shading@range@num=\count147
\pgf@shadingcount=\count148
)
("C:\Users\Tobias.Schoch\AppData\Local\Programs\MiKTeX 2.9\tex/generic/pgf/basi
clayer\pgfcoreimage.code.tex"
File: pgfcoreimage.code.tex 2019/04/04 v3.1.2 (3.1.2)

("C:\Users\Tobias.Schoch\AppData\Local\Programs\MiKTeX 2.9\tex/generic/pgf/basi
clayer\pgfcoreexternal.code.tex"
File: pgfcoreexternal.code.tex 2019/04/04 v3.1.2 (3.1.2)
\pgfexternal@startupbox=\box41
))
("C:\Users\Tobias.Schoch\AppData\Local\Programs\MiKTeX 2.9\tex/generic/pgf/basi
clayer\pgfcorelayers.code.tex"
File: pgfcorelayers.code.tex 2019/04/04 v3.1.2 (3.1.2)
)
("C:\Users\Tobias.Schoch\AppData\Local\Programs\MiKTeX 2.9\tex/generic/pgf/basi
clayer\pgfcoretransparency.code.tex"
File: pgfcoretransparency.code.tex 2019/04/04 v3.1.2 (3.1.2)
)
("C:\Users\Tobias.Schoch\AppData\Local\Programs\MiKTeX 2.9\tex/generic/pgf/basi
clayer\pgfcorepatterns.code.tex"
File: pgfcorepatterns.code.tex 2019/04/04 v3.1.2 (3.1.2)
)
("C:\Users\Tobias.Schoch\AppData\Local\Programs\MiKTeX 2.9\tex/generic/pgf/basi
clayer\pgfcorerdf.code.tex"
File: pgfcorerdf.code.tex 2019/04/04 v3.1.2 (3.1.2)
)))
("C:\Users\Tobias.Schoch\AppData\Local\Programs\MiKTeX 2.9\tex/generic/pgf/modu
les\pgfmoduleshapes.code.tex"
File: pgfmoduleshapes.code.tex 2019/04/04 v3.1.2 (3.1.2)
\pgfnodeparttextbox=\box42
)
("C:\Users\Tobias.Schoch\AppData\Local\Programs\MiKTeX 2.9\tex/generic/pgf/modu
les\pgfmoduleplot.code.tex"
File: pgfmoduleplot.code.tex 2019/04/04 v3.1.2 (3.1.2)
)
("C:\Users\Tobias.Schoch\AppData\Local\Programs\MiKTeX 2.9\tex/latex/pgf/compat
ibility\pgfcomp-version-0-65.sty"
Package: pgfcomp-version-0-65 2019/04/04 v3.1.2 (3.1.2)
\pgf@nodesepstart=\dimen181
\pgf@nodesepend=\dimen182
)
("C:\Users\Tobias.Schoch\AppData\Local\Programs\MiKTeX 2.9\tex/latex/pgf/compat
ibility\pgfcomp-version-1-18.sty"
Package: pgfcomp-version-1-18 2019/04/04 v3.1.2 (3.1.2)
))
("C:\Users\Tobias.Schoch\AppData\Local\Programs\MiKTeX 2.9\tex/latex/pgf/utilit
ies\pgffor.sty"
("C:\Users\Tobias.Schoch\AppData\Local\Programs\MiKTeX 2.9\tex/latex/pgf/utilit
ies\pgfkeys.sty"
("C:\Users\Tobias.Schoch\AppData\Local\Programs\MiKTeX 2.9\tex/generic/pgf/util
ities\pgfkeys.code.tex"))
("C:\Users\Tobias.Schoch\AppData\Local\Programs\MiKTeX 2.9\tex/latex/pgf/math\p
gfmath.sty"
("C:\Users\Tobias.Schoch\AppData\Local\Programs\MiKTeX 2.9\tex/generic/pgf/math
\pgfmath.code.tex"))
("C:\Users\Tobias.Schoch\AppData\Local\Programs\MiKTeX 2.9\tex/generic/pgf/util
ities\pgffor.code.tex"
Package: pgffor 2019/04/04 v3.1.2 (3.1.2)

("C:\Users\Tobias.Schoch\AppData\Local\Programs\MiKTeX 2.9\tex/generic/pgf/math
\pgfmath.code.tex")
\pgffor@iter=\dimen183
\pgffor@skip=\dimen184
\pgffor@stack=\toks49
\pgffor@toks=\toks50
))
("C:\Users\Tobias.Schoch\AppData\Local\Programs\MiKTeX 2.9\tex/generic/pgf/fron
tendlayer/tikz\tikz.code.tex"
Package: tikz 2019/04/04 v3.1.2 (3.1.2)

("C:\Users\Tobias.Schoch\AppData\Local\Programs\MiKTeX 2.9\tex/generic/pgf/libr
aries\pgflibraryplothandlers.code.tex"
File: pgflibraryplothandlers.code.tex 2019/04/04 v3.1.2 (3.1.2)
\pgf@plot@mark@count=\count149
\pgfplotmarksize=\dimen185
)
\tikz@lastx=\dimen186
\tikz@lasty=\dimen187
\tikz@lastxsaved=\dimen188
\tikz@lastysaved=\dimen189
\tikzleveldistance=\dimen190
\tikzsiblingdistance=\dimen191
\tikz@figbox=\box43
\tikz@figbox@bg=\box44
\tikz@tempbox=\box45
\tikz@tempbox@bg=\box46
\tikztreelevel=\count150
\tikznumberofchildren=\count151
\tikznumberofcurrentchild=\count152
\tikz@fig@count=\count153

("C:\Users\Tobias.Schoch\AppData\Local\Programs\MiKTeX 2.9\tex/generic/pgf/modu
les\pgfmodulematrix.code.tex"
File: pgfmodulematrix.code.tex 2019/04/04 v3.1.2 (3.1.2)
\pgfmatrixcurrentrow=\count154
\pgfmatrixcurrentcolumn=\count155
\pgf@matrix@numberofcolumns=\count156
)
\tikz@expandcount=\count157

("C:\Users\Tobias.Schoch\AppData\Local\Programs\MiKTeX 2.9\tex/generic/pgf/fron
tendlayer/tikz/libraries\tikzlibrarytopaths.code.tex"
File: tikzlibrarytopaths.code.tex 2019/04/04 v3.1.2 (3.1.2)
)))
("C:\Users\Tobias.Schoch\AppData\Local\Programs\MiKTeX 2.9\tex/latex/standalone
\standalone.sty"
Package: standalone 2018/03/26 v1.3a Package to include TeX sub-files with prea
mbles

("C:\Users\Tobias.Schoch\AppData\Local\Programs\MiKTeX 2.9\tex/latex/tools\shel
lesc.sty"
Package: shellesc 2016/06/07 v0.02a unified shell escape interface for LaTeX
Package shellesc Info: Restricted shell escape enabled on input line 69.
)
("C:\Users\Tobias.Schoch\AppData\Local\Programs\MiKTeX 2.9\tex/latex/xkeyval\xk
eyval.sty"
Package: xkeyval 2014/12/03 v2.7a package option processing (HA)

("C:\Users\Tobias.Schoch\AppData\Local\Programs\MiKTeX 2.9\tex/generic/xkeyval\
xkeyval.tex"
("C:\Users\Tobias.Schoch\AppData\Local\Programs\MiKTeX 2.9\tex/generic/xkeyval\
xkvutils.tex"
\XKV@toks=\toks51
\XKV@tempa@toks=\toks52
)
\XKV@depth=\count158
File: xkeyval.tex 2014/12/03 v2.7a key=value parser (HA)
))
("C:\Users\Tobias.Schoch\AppData\Local\Programs\MiKTeX 2.9\tex/latex/currfile\c
urrfile.sty"
Package: currfile 2015/04/23 v0.7c Provides the file path elements of the curre
nt input file

("C:\Users\Tobias.Schoch\AppData\Local\Programs\MiKTeX 2.9\tex/latex/filehook\f
ilehook.sty"
Package: filehook 2011/10/12 v0.5d Hooks for input files
)
\c@currfiledepth=\count159
)
("C:\Users\Tobias.Schoch\AppData\Local\Programs\MiKTeX 2.9\tex/latex/gincltex\g
incltex.sty"
("C:\Users\Tobias.Schoch\AppData\Local\Programs\MiKTeX 2.9\tex/latex/svn-prov\s
vn-prov.sty"
Package: svn-prov 2010/04/24 v3.1862 Package Date/Version from SVN Keywords
)
Package: gincltex 2011/09/04 v0.3 Include external LaTeX files like graphics

("C:\Users\Tobias.Schoch\AppData\Local\Programs\MiKTeX 2.9\tex/latex/adjustbox\
adjustbox.sty"
Package: adjustbox 2019/01/04 v1.2 Adjusting TeX boxes (trim, clip, ...)

("C:\Users\Tobias.Schoch\AppData\Local\Programs\MiKTeX 2.9\tex/latex/adjustbox\
adjcalc.sty"
Package: adjcalc 2012/05/16 v1.1 Provides advanced setlength with multiple back
-ends (calc, etex, pgfmath)
)
("C:\Users\Tobias.Schoch\AppData\Local\Programs\MiKTeX 2.9\tex/latex/adjustbox\
trimclip.sty"
Package: trimclip 2018/04/08 v1.1 Trim and clip general TeX material

("C:\Users\Tobias.Schoch\AppData\Local\Programs\MiKTeX 2.9\tex/latex/collectbox
\collectbox.sty"
Package: collectbox 2012/05/17 v0.4b Collect macro arguments as boxes
\collectedbox=\box47
)
\tc@llx=\dimen192
\tc@lly=\dimen193
\tc@urx=\dimen194
\tc@ury=\dimen195
Package trimclip Info: Using driver 'tc-pdftex.def'.

("C:\Users\Tobias.Schoch\AppData\Local\Programs\MiKTeX 2.9\tex/latex/adjustbox\
tc-pdftex.def"
File: tc-pdftex.def 2019/01/04 v2.2 Clipping driver for pdftex
))
\adjbox@Width=\dimen196
\adjbox@Height=\dimen197
\adjbox@Depth=\dimen198
\adjbox@Totalheight=\dimen199
\adjbox@pwidth=\dimen256
\adjbox@pheight=\dimen257
\adjbox@pdepth=\dimen258
\adjbox@ptotalheight=\dimen259

("C:\Users\Tobias.Schoch\AppData\Local\Programs\MiKTeX 2.9\tex/latex/ifoddpage\
ifoddpage.sty"
Package: ifoddpage 2016/04/23 v1.1 Conditionals for odd/even page detection
\c@checkoddpage=\count160
)
("C:\Users\Tobias.Schoch\AppData\Local\Programs\MiKTeX 2.9\tex/latex/varwidth\v
arwidth.sty"
Package: varwidth 2009/03/30 ver 0.92;  Variable-width minipages
\@vwid@box=\box48
\sift@deathcycles=\count161
\@vwid@loff=\dimen260
\@vwid@roff=\dimen261
))
\gincltex@box=\box49
)
("C:\Users\Tobias.Schoch\AppData\Local\Programs\MiKTeX 2.9\tex/latex/filemod\fi
lemod-expmin.sty"
Package: filemod-expmin 2011/09/19 v1.2 Get and compare file modification times
 (expandable; minimal)
))
("C:\Users\Tobias.Schoch\AppData\Local\Programs\MiKTeX 2.9\tex/latex/pgfplots\p
gfplots.sty"
("C:\Users\Tobias.Schoch\AppData\Local\Programs\MiKTeX 2.9\tex/generic/pgfplots
\pgfplots.revision.tex")
Package: pgfplots 2018/03/28 v1.16 Data Visualization (1.16)

("C:\Users\Tobias.Schoch\AppData\Local\Programs\MiKTeX 2.9\tex/generic/pgfplots
\pgfplots.code.tex"
("C:\Users\Tobias.Schoch\AppData\Local\Programs\MiKTeX 2.9\tex/generic/pgfplots
\pgfplotscore.code.tex"
\t@pgfplots@toka=\toks53
\t@pgfplots@tokb=\toks54
\t@pgfplots@tokc=\toks55
\pgfplots@tmpa=\dimen262
\c@pgfplots@coordindex=\count162
\c@pgfplots@scanlineindex=\count163

("C:\Users\Tobias.Schoch\AppData\Local\Programs\MiKTeX 2.9\tex/generic/pgfplots
/sys\pgfplotssysgeneric.code.tex"))
("C:\Users\Tobias.Schoch\AppData\Local\Programs\MiKTeX 2.9\tex/generic/pgfplots
/libs\pgfplotslibrary.code.tex")
("C:\Users\Tobias.Schoch\AppData\Local\Programs\MiKTeX 2.9\tex/generic/pgfplots
/oldpgfcompatib\pgfplotsoldpgfsupp_loader.code.tex"
("C:\Users\Tobias.Schoch\AppData\Local\Programs\MiKTeX 2.9\tex/generic/pgf/libr
aries\pgflibraryfpu.code.tex")
Package pgfplots: loading complementary arithmetics for your pgf version...

("C:\Users\Tobias.Schoch\AppData\Local\Programs\MiKTeX 2.9\tex/generic/pgfplots
/oldpgfcompatib\pgfplotsoldpgfsupp_pgflibraryfpu.code.tex")
("C:\Users\Tobias.Schoch\AppData\Local\Programs\MiKTeX 2.9\tex/generic/pgfplots
/oldpgfcompatib\pgfplotsoldpgfsupp_pgfmathfloat.code.tex"
\c@pgfmathroundto@lastzeros=\count164
))
("C:\Users\Tobias.Schoch\AppData\Local\Programs\MiKTeX 2.9\tex/generic/pgfplots
/util\pgfplotsutil.code.tex"
("C:\Users\Tobias.Schoch\AppData\Local\Programs\MiKTeX 2.9\tex/generic/pgfplots
/liststructure\pgfplotsliststructure.code.tex")
("C:\Users\Tobias.Schoch\AppData\Local\Programs\MiKTeX 2.9\tex/generic/pgfplots
/liststructure\pgfplotsliststructureext.code.tex")
("C:\Users\Tobias.Schoch\AppData\Local\Programs\MiKTeX 2.9\tex/generic/pgfplots
/liststructure\pgfplotsarray.code.tex"
\c@pgfplotsarray@tmp=\count165
)
("C:\Users\Tobias.Schoch\AppData\Local\Programs\MiKTeX 2.9\tex/generic/pgfplots
/liststructure\pgfplotsmatrix.code.tex")
("C:\Users\Tobias.Schoch\AppData\Local\Programs\MiKTeX 2.9\tex/generic/pgfplots
/numtable\pgfplotstableshared.code.tex"
\c@pgfplotstable@counta=\count166
\t@pgfplotstable@a=\toks56
)
("C:\Users\Tobias.Schoch\AppData\Local\Programs\MiKTeX 2.9\tex/generic/pgfplots
/liststructure\pgfplotsdeque.code.tex")
("C:\Users\Tobias.Schoch\AppData\Local\Programs\MiKTeX 2.9\tex/generic/pgfplots
/util\pgfplotsbinary.code.tex"
("C:\Users\Tobias.Schoch\AppData\Local\Programs\MiKTeX 2.9\tex/generic/pgfplots
/util\pgfplotsbinary.data.code.tex"))
("C:\Users\Tobias.Schoch\AppData\Local\Programs\MiKTeX 2.9\tex/generic/pgfplots
/util\pgfplotsutil.verb.code.tex")
("C:\Users\Tobias.Schoch\AppData\Local\Programs\MiKTeX 2.9\tex/generic/pgfplots
/libs\pgflibrarypgfplots.surfshading.code.tex"
\c@pgfplotslibrarysurf@no=\count167

("C:\Users\Tobias.Schoch\AppData\Local\Programs\MiKTeX 2.9\tex/generic/pgfplots
/sys\pgflibrarypgfplots.surfshading.pgfsys-pdftex.def")))
("C:\Users\Tobias.Schoch\AppData\Local\Programs\MiKTeX 2.9\tex/generic/pgfplots
/util\pgfplotscolormap.code.tex"
("C:\Users\Tobias.Schoch\AppData\Local\Programs\MiKTeX 2.9\tex/generic/pgfplots
/util\pgfplotscolor.code.tex"))
("C:\Users\Tobias.Schoch\AppData\Local\Programs\MiKTeX 2.9\tex/generic/pgfplots
\pgfplotsstackedplots.code.tex")
("C:\Users\Tobias.Schoch\AppData\Local\Programs\MiKTeX 2.9\tex/generic/pgfplots
\pgfplotsplothandlers.code.tex"
("C:\Users\Tobias.Schoch\AppData\Local\Programs\MiKTeX 2.9\tex/generic/pgfplots
\pgfplotsmeshplothandler.code.tex"
("C:\Users\Tobias.Schoch\AppData\Local\Programs\MiKTeX 2.9\tex/generic/pgfplots
\pgfplotsmeshplotimage.code.tex")))
("C:\Users\Tobias.Schoch\AppData\Local\Programs\MiKTeX 2.9\tex/generic/pgfplots
\pgfplots.scaling.code.tex")
("C:\Users\Tobias.Schoch\AppData\Local\Programs\MiKTeX 2.9\tex/generic/pgfplots
\pgfplotscoordprocessing.code.tex")
("C:\Users\Tobias.Schoch\AppData\Local\Programs\MiKTeX 2.9\tex/generic/pgfplots
\pgfplots.errorbars.code.tex")
("C:\Users\Tobias.Schoch\AppData\Local\Programs\MiKTeX 2.9\tex/generic/pgfplots
\pgfplots.markers.code.tex")
("C:\Users\Tobias.Schoch\AppData\Local\Programs\MiKTeX 2.9\tex/generic/pgfplots
\pgfplotsticks.code.tex")
("C:\Users\Tobias.Schoch\AppData\Local\Programs\MiKTeX 2.9\tex/generic/pgfplots
\pgfplots.paths.code.tex")
("C:\Users\Tobias.Schoch\AppData\Local\Programs\MiKTeX 2.9\tex/generic/pgf/fron
tendlayer/tikz/libraries\tikzlibrarydecorations.code.tex"
("C:\Users\Tobias.Schoch\AppData\Local\Programs\MiKTeX 2.9\tex/generic/pgf/modu
les\pgfmoduledecorations.code.tex"
\pgfdecoratedcompleteddistance=\dimen263
\pgfdecoratedremainingdistance=\dimen264
\pgfdecoratedinputsegmentcompleteddistance=\dimen265
\pgfdecoratedinputsegmentremainingdistance=\dimen266
\pgf@decorate@distancetomove=\dimen267
\pgf@decorate@repeatstate=\count168
\pgfdecorationsegmentamplitude=\dimen268
\pgfdecorationsegmentlength=\dimen269
)
\tikz@lib@dec@box=\box50
)
("C:\Users\Tobias.Schoch\AppData\Local\Programs\MiKTeX 2.9\tex/generic/pgf/fron
tendlayer/tikz/libraries\tikzlibrarydecorations.pathmorphing.code.tex"
("C:\Users\Tobias.Schoch\AppData\Local\Programs\MiKTeX 2.9\tex/generic/pgf/libr
aries/decorations\pgflibrarydecorations.pathmorphing.code.tex"))
("C:\Users\Tobias.Schoch\AppData\Local\Programs\MiKTeX 2.9\tex/generic/pgf/fron
tendlayer/tikz/libraries\tikzlibrarydecorations.pathreplacing.code.tex"
("C:\Users\Tobias.Schoch\AppData\Local\Programs\MiKTeX 2.9\tex/generic/pgf/libr
aries/decorations\pgflibrarydecorations.pathreplacing.code.tex"))
\pgfplots@numplots=\count169
\pgfplots@xmin@reg=\dimen270
\pgfplots@xmax@reg=\dimen271
\pgfplots@ymin@reg=\dimen272
\pgfplots@ymax@reg=\dimen273
\pgfplots@zmin@reg=\dimen274
\pgfplots@zmax@reg=\dimen275
)
("C:\Users\Tobias.Schoch\AppData\Local\Programs\MiKTeX 2.9\tex/generic/pgf/fron
tendlayer/tikz/libraries\tikzlibraryplotmarks.code.tex"
File: tikzlibraryplotmarks.code.tex 2019/04/04 v3.1.2 (3.1.2)

("C:\Users\Tobias.Schoch\AppData\Local\Programs\MiKTeX 2.9\tex/generic/pgf/libr
aries\pgflibraryplotmarks.code.tex"
File: pgflibraryplotmarks.code.tex 2019/04/04 v3.1.2 (3.1.2)
)))
Package hyperref Info: Option `colorlinks' set `false' on input line 178.
Package hyperref Info: Option `unicode' set `true' on input line 178.

("C:\Users\Tobias.Schoch\AppData\Local\Programs\MiKTeX 2.9\tex/latex/hyperref\p
uenc.def"
File: puenc.def 2018/11/30 v6.88e Hyperref: PDF Unicode definition (HO)
Now handling font encoding PU ...
... no UTF-8 mapping file for font encoding PU
)
Package hyperref Info: Option `pdftoolbar' set `true' on input line 178.
Package hyperref Info: Option `pdfmenubar' set `true' on input line 178.
Package hyperref Info: Option `pdffitwindow' set `false' on input line 178.
Package hyperref Info: Option `pdfnewwindow' set `true' on input line 178.
 (SSS_Laborbericht.aux (preface/cover.aux) (preface/abstract.aux)
(preface/tableofcontents.aux) (preface/listoffigures.aux)
(preface/listoftables.aux) (preface/lstlistoflistings.aux)
(appendix/bibliography.aux))
\openout1 = `SSS_Laborbericht.aux'.

LaTeX Font Info:    Checking defaults for OML/cmm/m/it on input line 186.
LaTeX Font Info:    ... okay on input line 186.
LaTeX Font Info:    Checking defaults for T1/cmr/m/n on input line 186.
LaTeX Font Info:    ... okay on input line 186.
LaTeX Font Info:    Checking defaults for OT1/cmr/m/n on input line 186.
LaTeX Font Info:    ... okay on input line 186.
LaTeX Font Info:    Checking defaults for OMS/cmsy/m/n on input line 186.
LaTeX Font Info:    ... okay on input line 186.
LaTeX Font Info:    Checking defaults for OMX/cmex/m/n on input line 186.
LaTeX Font Info:    ... okay on input line 186.
LaTeX Font Info:    Checking defaults for U/cmr/m/n on input line 186.
LaTeX Font Info:    ... okay on input line 186.
LaTeX Font Info:    Checking defaults for PD1/pdf/m/n on input line 186.
LaTeX Font Info:    ... okay on input line 186.
LaTeX Font Info:    Checking defaults for LGR/cmr/m/n on input line 186.
LaTeX Font Info:    Try loading font information for LGR+cmr on input line 186.


("C:\Users\Tobias.Schoch\AppData\Local\Programs\MiKTeX 2.9\tex/latex/cbfonts-fd
\lgrcmr.fd"
File: lgrcmr.fd 2017/07/29 v1.2 Greek European Computer Regular
)
LaTeX Font Info:    ... okay on input line 186.
LaTeX Font Info:    Checking defaults for TS1/cmr/m/n on input line 186.
LaTeX Font Info:    Try loading font information for TS1+cmr on input line 186.


("C:\Users\Tobias.Schoch\AppData\Local\Programs\MiKTeX 2.9\tex/latex/base\ts1cm
r.fd"
File: ts1cmr.fd 2014/09/29 v2.5h Standard LaTeX font definitions
)
LaTeX Font Info:    ... okay on input line 186.
LaTeX Font Info:    Checking defaults for PU/pdf/m/n on input line 186.
LaTeX Font Info:    ... okay on input line 186.
LaTeX Font Info:    Try loading font information for T1+ptm on input line 186.

("C:\Users\Tobias.Schoch\AppData\Local\Programs\MiKTeX 2.9\tex/latex/psnfss\t1p
tm.fd"
File: t1ptm.fd 2001/06/04 font definitions for T1/ptm.
)
*geometry* driver: auto-detecting
*geometry* detected driver: pdftex
*geometry* verbose mode - [ preamble ] result:
* driver: pdftex
* paper: a4paper
* layout: <same size as paper>
* layoutoffset:(h,v)=(0.0pt,0.0pt)
* modes: includehead includefoot 
* h-part:(L,W,R)=(85.35826pt, 441.01773pt, 71.13188pt)
* v-part:(T,H,B)=(71.13188pt, 702.78308pt, 71.13188pt)
* \paperwidth=597.50787pt
* \paperheight=845.04684pt
* \textwidth=441.01773pt
* \textheight=635.78308pt
* \oddsidemargin=13.08827pt
* \evensidemargin=13.08827pt
* \topmargin=-1.1381pt
* \headheight=42.67912pt
* \headsep=25.0pt
* \topskip=12.0pt
* \footskip=30.0pt
* \marginparwidth=35.0pt
* \marginparsep=10.0pt
* \columnsep=10.0pt
* \skip\footins=10.8pt plus 4.0pt minus 2.0pt
* \hoffset=0.0pt
* \voffset=0.0pt
* \mag=1000
* \@twocolumnfalse
* \@twosidefalse
* \@mparswitchfalse
* \@reversemarginfalse
* (1in=72.27pt=25.4mm, 1cm=28.453pt)

\AtBeginShipoutBox=\box51
Package hyperref Info: Link coloring OFF on input line 186.

("C:\Users\Tobias.Schoch\AppData\Local\Programs\MiKTeX 2.9\tex/latex/hyperref\n
ameref.sty"
Package: nameref 2016/05/21 v2.44 Cross-referencing by name of section

("C:\Users\Tobias.Schoch\AppData\Local\Programs\MiKTeX 2.9\tex/generic/oberdiek
\gettitlestring.sty"
Package: gettitlestring 2016/05/16 v1.5 Cleanup title references (HO)
)
\c@section@level=\count170
)
LaTeX Info: Redefining \ref on input line 186.
LaTeX Info: Redefining \pageref on input line 186.
LaTeX Info: Redefining \nameref on input line 186.
 (SSS_Laborbericht.out) (SSS_Laborbericht.out)
\@outlinefile=\write4
\openout4 = `SSS_Laborbericht.out'.


babelbib: Set bibliography fall-back language to ngerman

("C:\Users\Tobias.Schoch\AppData\Local\Programs\MiKTeX 2.9\tex/latex/babelbib\g
erman.bdf"
File: german.bdf 2019/03/11 v1.32 babelbib: multilingual bibliographies (HH)

babelbib extension \btxifchangecaseoff added to \extrasngerman
)
babelbib: Load BibTeX extensions \bibsngerman for ngerman
babelbib: Set language for keywords in the bibliography fixed to ngerman
babelbib: Set language for keywords in the bibliography fixed to ngerman

("C:\Users\Tobias.Schoch\AppData\Local\Programs\MiKTeX 2.9\tex/context/base/mki
i\supp-pdf.mkii"
[Loading MPS to PDF converter (version 2006.09.02).]
\scratchcounter=\count171
\scratchdimen=\dimen276
\scratchbox=\box52
\nofMPsegments=\count172
\nofMParguments=\count173
\everyMPshowfont=\toks57
\MPscratchCnt=\count174
\MPscratchDim=\dimen277
\MPnumerator=\count175
\makeMPintoPDFobject=\count176
\everyMPtoPDFconversion=\toks58
)
\c@lstlisting=\count177
Package lastpage Info: Please have a look at the pageslts package at
(lastpage)             https://www.ctan.org/pkg/pageslts
(lastpage)             ! on input line 186.
Package caption Info: Begin \AtBeginDocument code.
Package caption Info: float package is loaded.
Package caption Info: End \AtBeginDocument code.
 ABD: EveryShipout initializing macros

Package pgfplots Warning: running in backwards compatibility mode (unsuitable t
ick labels; missing features). Consider writing \pgfplotsset{compat=1.16} into 
your preamble.
 on input line 186.

\openout2 = `preface/cover.aux'.

(preface/cover.tex
<preface/htwg-logo.png, id=90, 298.716pt x 119.4864pt>
File: preface/htwg-logo.png Graphic file (type png)
<use preface/htwg-logo.png>
Package pdftex.def Info: preface/htwg-logo.png  used on input line 7.
(pdftex.def)             Requested size: 446.70818pt x 178.6986pt.
LaTeX Font Info:    Font shape `T1/ptm/bx/n' in size <14.4> not available
(Font)              Font shape `T1/ptm/b/n' tried instead on input line 14.
LaTeX Font Info:    Font shape `T1/ptm/bx/n' in size <24.88> not available
(Font)              Font shape `T1/ptm/b/n' tried instead on input line 17.
LaTeX Font Info:    Font shape `T1/ptm/bx/n' in size <17.28> not available
(Font)              Font shape `T1/ptm/b/n' tried instead on input line 20.
 [1


{C:/Users/Tobias.Schoch/AppData/Local/MiKTeX/2.9/pdftex/config/pdftex.map} <./p
reface/htwg-logo.png>])
\openout2 = `preface/abstract.aux'.

 (preface/abstract.tex
LaTeX Font Info:    Try loading font information for OT1+ztmcm on input line 9.


("C:\Users\Tobias.Schoch\AppData\Local\Programs\MiKTeX 2.9\tex/latex/psnfss\ot1
ztmcm.fd"
File: ot1ztmcm.fd 2000/01/03 Fontinst v1.801 font definitions for OT1/ztmcm.
)
LaTeX Font Info:    Try loading font information for OML+ztmcm on input line 9.


("C:\Users\Tobias.Schoch\AppData\Local\Programs\MiKTeX 2.9\tex/latex/psnfss\oml
ztmcm.fd"
File: omlztmcm.fd 2000/01/03 Fontinst v1.801 font definitions for OML/ztmcm.
)
LaTeX Font Info:    Try loading font information for OMS+ztmcm on input line 9.


("C:\Users\Tobias.Schoch\AppData\Local\Programs\MiKTeX 2.9\tex/latex/psnfss\oms
ztmcm.fd"
File: omsztmcm.fd 2000/01/03 Fontinst v1.801 font definitions for OMS/ztmcm.
)
LaTeX Font Info:    Try loading font information for OMX+ztmcm on input line 9.


("C:\Users\Tobias.Schoch\AppData\Local\Programs\MiKTeX 2.9\tex/latex/psnfss\omx
ztmcm.fd"
File: omxztmcm.fd 2000/01/03 Fontinst v1.801 font definitions for OMX/ztmcm.
)
LaTeX Font Info:    Try loading font information for OT1+ptm on input line 9.

("C:\Users\Tobias.Schoch\AppData\Local\Programs\MiKTeX 2.9\tex/latex/psnfss\ot1
ptm.fd"
File: ot1ptm.fd 2001/06/04 font definitions for OT1/ptm.
)
LaTeX Font Info:    Font shape `OT1/ptm/bx/n' in size <12> not available
(Font)              Font shape `OT1/ptm/b/n' tried instead on input line 9.
LaTeX Font Info:    Font shape `OT1/ptm/bx/n' in size <9> not available
(Font)              Font shape `OT1/ptm/b/n' tried instead on input line 9.
LaTeX Font Info:    Font shape `OT1/ptm/bx/n' in size <7> not available
(Font)              Font shape `OT1/ptm/b/n' tried instead on input line 9.

Underfull \hbox (badness 10000) in paragraph at lines 12--13
[]|[]\T1/ptm/m/n/12 tobias.schoch@htwg-
 []


Underfull \hbox (badness 10000) in paragraph at lines 13--15
[]|[]\T1/ptm/m/n/12 luca.strattmann@htwg-
 []


Underfull \hbox (badness 10000) in paragraph at lines 17--18
[]|[]\T1/ptm/m/n/12 juergen.keppler@htwg-
 []

)pdfTeX warning (ext4): destination with the same identifier (name{page.I}) has
 been already used, duplicate ignored
<to be read again> 
                   \relax 
l.192 \include{preface/abstract}
                                 [1


]
\openout2 = `preface/tableofcontents.aux'.

 (preface/tableofcontents.tex
(SSS_Laborbericht.toc
LaTeX Font Info:    Font shape `T1/ptm/bx/n' in size <12> not available
(Font)              Font shape `T1/ptm/b/n' tried instead on input line 2.
)
\tf@toc=\write5
\openout5 = `SSS_Laborbericht.toc'.

 [2




])
\openout2 = `preface/listoffigures.aux'.

 (preface/listoffigures.tex (SSS_Laborbericht.lof)
\tf@lof=\write6
\openout6 = `SSS_Laborbericht.lof'.


[3



])
\openout2 = `preface/listoftables.aux'.

 (preface/listoftables.tex (SSS_Laborbericht.lot)
\tf@lot=\write7
\openout7 = `SSS_Laborbericht.lot'.

 [4




])
\openout2 = `preface/lstlistoflistings.aux'.


(preface/lstlistoflistings.tex (SSS_Laborbericht.lol)
\tf@lol=\write8
\openout8 = `SSS_Laborbericht.lol'.

 [5




])
 1.

Package natbib Warning: Citation `Franz2016n' on page 1 undefined on input line
 231.


Package natbib Warning: Citation `Franz2016e' on page 1 undefined on input line
 232.

[1



]
 2.
<../data/img/testamp.png, id=163, 462.528pt x 346.896pt>
File: ../data/img/testamp.png Graphic file (type png)
<use ../data/img/testamp.png>
Package pdftex.def Info: ../data/img/testamp.png  used on input line 253.
(pdftex.def)             Requested size: 209.48274pt x 157.11275pt.
<../data/img/testamp2.png, id=164, 462.528pt x 346.896pt>
File: ../data/img/testamp2.png Graphic file (type png)
<use ../data/img/testamp2.png>
Package pdftex.def Info: ../data/img/testamp2.png  used on input line 259.
(pdftex.def)             Requested size: 209.48274pt x 157.11275pt.
Package hyperref Info: bookmark level for unknown subfigure defaults to 0 on in
put line 263.
<../data/img/rechtsamp.png, id=165, 462.528pt x 346.896pt>
File: ../data/img/rechtsamp.png Graphic file (type png)
<use ../data/img/rechtsamp.png>
Package pdftex.def Info: ../data/img/rechtsamp.png  used on input line 269.
(pdftex.def)             Requested size: 462.52686pt x 346.89514pt.

Overfull \hbox (21.50912pt too wide) in paragraph at lines 269--270
 [][] 
 []

[2

 <../data/img/testamp.png> <../data/img/testamp2.png>] [3 <../data/img/rechtsam
p.png>]
 3.
[4

] [5

]
\openout2 = `appendix/bibliography.aux'.

 (appendix/bibliography.tex
No file SSS_Laborbericht.bbl.
)

Package natbib Warning: There were undefined citations.


AED: lastpage setting LastPage
Package atveryend Info: Empty hook `BeforeClearDocument' on input line 336.
Package atveryend Info: Empty hook `AfterLastShipout' on input line 336.
(SSS_Laborbericht.aux (preface/cover.aux) (preface/abstract.aux)
(preface/tableofcontents.aux) (preface/listoffigures.aux)
(preface/listoftables.aux) (preface/lstlistoflistings.aux)
(appendix/bibliography.aux))
Package atveryend Info: Executing hook `AtVeryEndDocument' on input line 336.
Package atveryend Info: Executing hook `AtEndAfterFileList' on input line 336.
Package rerunfilecheck Info: File `SSS_Laborbericht.out' has not changed.
(rerunfilecheck)             Checksum: F807807E37B3B902149369E34E046DC4;2920.


LaTeX Warning: Label(s) may have changed. Rerun to get cross-references right.

Package atveryend Info: Empty hook `AtVeryVeryEnd' on input line 336.
 ) 
Here is how much of TeX's memory you used:
 37952 strings out of 492945
 828612 string characters out of 3122700
 1018615 words of memory out of 3000000
 41063 multiletter control sequences out of 15000+200000
 37256 words of font info for 59 fonts, out of 3000000 for 9000
 1141 hyphenation exceptions out of 8191
 64i,11n,98p,715b,609s stack positions out of 5000i,500n,10000p,200000b,50000s
{C:/Users/Tobias.Schoch/AppData/Local/Programs/MiKTeX 2.9/fonts/enc/dvips/bas
e/8r.enc}<C:/Users/Tobias.Schoch/AppData/Local/Programs/MiKTeX 2.9/fonts/type1/
urw/times/utmb8a.pfb><C:/Users/Tobias.Schoch/AppData/Local/Programs/MiKTeX 2.9/
fonts/type1/urw/times/utmr8a.pfb>
Output written on SSS_Laborbericht.pdf (11 pages, 156460 bytes).
PDF statistics:
 206 PDF objects out of 1000 (max. 8388607)
 38 named destinations out of 1000 (max. 500000)
 201 words of extra memory for PDF output out of 10000 (max. 10000000)

